[0.054s] Invoking command in '/home/linux/ENPM808X/week12/ros2_ws/build/turtlebot3_gazebo': CMAKE_PREFIX_PATH=${CMAKE_PREFIX_PATH}:/home/linux/ros2_humble/install/rqt_bag_plugins:/home/linux/ros2_humble/install/rqt_bag:/home/linux/ros2_humble/install/ros2bag:/home/linux/ros2_humble/install/tracetools_test:/home/linux/ros2_humble/install/tracetools_launch:/home/linux/ros2_humble/install/topic_monitor:/home/linux/ros2_humble/install/tf2_tools:/home/linux/ros2_humble/install/examples_tf2_py:/home/linux/ros2_humble/install/tf2_ros_py:/home/linux/ros2_humble/install/sros2:/home/linux/ros2_humble/install/rqt_topic:/home/linux/ros2_humble/install/rqt_srv:/home/linux/ros2_humble/install/rqt_shell:/home/linux/ros2_humble/install/rqt_service_caller:/home/linux/ros2_humble/install/rqt_reconfigure:/home/linux/ros2_humble/install/rqt_py_console:/home/linux/ros2_humble/install/rqt_publisher:/home/linux/ros2_humble/install/rqt_plot:/home/linux/ros2_humble/install/rqt_action:/home/linux/ros2_humble/install/rqt_msg:/home/linux/ros2_humble/install/rqt_console:/home/linux/ros2_humble/install/rqt:/home/linux/ros2_humble/install/rqt_graph:/home/linux/ros2_humble/install/rqt_gui_py:/home/linux/ros2_humble/install/rqt_gui:/home/linux/ros2_humble/install/ros2trace:/home/linux/ros2_humble/install/ros2topic:/home/linux/ros2_humble/install/ros2test:/home/linux/ros2_humble/install/ros2component:/home/linux/ros2_humble/install/ros2param:/home/linux/ros2_humble/install/ros2lifecycle:/home/linux/ros2_humble/install/ros2service:/home/linux/ros2_humble/install/ros2run:/home/linux/ros2_humble/install/ros2launch:/home/linux/ros2_humble/install/ros2pkg:/home/linux/ros2_humble/install/ros2node:/home/linux/ros2_humble/install/ros2multicast:/home/linux/ros2_humble/install/ros2interface:/home/linux/ros2_humble/install/ros2doctor:/home/linux/ros2_humble/install/ros2action:/home/linux/ros2_humble/install/ros2cli:/home/linux/ros2_humble/install/quality_of_service_demo_py:/home/linux/ros2_humble/install/lifecycle_py:/home/linux/ros2_humble/install/launch_testing_ros:/home/linux/ros2_humble/install/launch_ros:/home/linux/ros2_humble/install/examples_rclpy_pointcloud_publisher:/home/linux/ros2_humble/install/examples_rclpy_minimal_subscriber:/home/linux/ros2_humble/install/examples_rclpy_minimal_service:/home/linux/ros2_humble/install/examples_rclpy_minimal_publisher:/home/linux/ros2_humble/install/examples_rclpy_minimal_client:/home/linux/ros2_humble/install/examples_rclpy_minimal_action_server:/home/linux/ros2_humble/install/examples_rclpy_minimal_action_client:/home/linux/ros2_humble/install/examples_rclpy_guard_conditions:/home/linux/ros2_humble/install/examples_rclpy_executors:/home/linux/ros2_humble/install/demo_nodes_py:/home/linux/ros2_humble/install/action_tutorials_py:/home/linux/ros2_humble/install/ament_uncrustify:/home/linux/ros2_humble/install/tracetools_trace:/home/linux/ros2_humble/install/tracetools_read:/home/linux/ros2_humble/install/test_tracetools_launch:/home/linux/ros2_humble/install/test_launch_ros:/home/linux/ros2_humble/install/sensor_msgs_py:/home/linux/ros2_humble/install/rpyutils:/home/linux/ros2_humble/install/rosidl_runtime_py:/home/linux/ros2_humble/install/rosidl_cli:/home/linux/ros2_humble/install/launch_pytest:/home/linux/ros2_humble/install/launch_testing:/home/linux/ros2_humble/install/launch_yaml:/home/linux/ros2_humble/install/launch_xml:/home/linux/ros2_humble/install/launch:/home/linux/ros2_humble/install/osrf_pycommon:/home/linux/ros2_humble/install/launch_testing_examples:/home/linux/ros2_humble/install/domain_coordinator:/home/linux/ros2_humble/install/ament_xmllint:/home/linux/ros2_humble/install/ament_pyflakes:/home/linux/ros2_humble/install/ament_pycodestyle:/home/linux/ros2_humble/install/ament_pep257:/home/linux/ros2_humble/install/ament_pclint:/home/linux/ros2_humble/install/ament_package:/home/linux/ros2_humble/install/ament_mypy:/home/linux/ros2_humble/install/ament_lint_cmake:/home/linux/ros2_humble/install/ament_flake8:/home/linux/ros2_humble/install/ament_copyright:/home/linux/ros2_humble/install/ament_lint:/home/linux/ros2_humble/install/ament_index_python:/home/linux/ros2_humble/install/ament_cpplint:/home/linux/ros2_humble/install/ament_cppcheck:/home/linux/ros2_humble/install/ament_clang_tidy:/home/linux/ros2_humble/install/ament_clang_format:/opt/ros/humble /usr/bin/cmake /home/linux/ENPM808X/week12/ros2_ws/src/turtlebot3_gazebo -DCMAKE_INSTALL_PREFIX=/home/linux/ENPM808X/week12/ros2_ws/install/turtlebot3_gazebo
[0.291s] -- The C compiler identification is GNU 11.3.0
[0.401s] -- The CXX compiler identification is GNU 11.3.0
[0.419s] -- Detecting C compiler ABI info
[0.584s] -- Detecting C compiler ABI info - done
[0.595s] -- Check for working C compiler: /usr/bin/cc - skipped
[0.599s] -- Detecting C compile features
[0.600s] -- Detecting C compile features - done
[0.605s] -- Detecting CXX compiler ABI info
[0.780s] -- Detecting CXX compiler ABI info - done
[0.793s] -- Check for working CXX compiler: /usr/bin/c++ - skipped
[0.793s] -- Detecting CXX compile features
[0.794s] -- Detecting CXX compile features - done
[0.826s] -- Found ament_cmake: 1.3.2 (/home/linux/ros2_humble/install/ament_cmake/share/ament_cmake/cmake)
[1.731s] -- Found Python3: /usr/bin/python3.10 (found version "3.10.6") found components: Interpreter 
[2.418s] [33mCMake Warning (dev) at /usr/share/cmake-3.22/Modules/FindPackageHandleStandardArgs.cmake:438 (message):
[2.418s]   The package name passed to `find_package_handle_standard_args` (PkgConfig)
[2.419s]   does not match the name of the calling package (gazebo).  This can lead to
[2.419s]   problems in calling code that expects `find_package` result variables
[2.419s]   (e.g., `_FOUND`) to follow a certain pattern.
[2.419s] Call Stack (most recent call first):
[2.419s]   /usr/share/cmake-3.22/Modules/FindPkgConfig.cmake:99 (find_package_handle_standard_args)
[2.419s]   /usr/lib/x86_64-linux-gnu/cmake/gazebo/gazebo-config.cmake:72 (include)
[2.419s]   CMakeLists.txt:23 (find_package)
[2.419s] This warning is for project developers.  Use -Wno-dev to suppress it.
[2.419s] [0m
[2.419s] -- Found PkgConfig: /usr/bin/pkg-config (found version "0.29.2") 
[2.423s] -- Checking for module 'bullet>=2.82'
[2.482s] --   Found bullet, version 3.05
[2.945s] -- Found fcl: /usr/include (found suitable version "0.7.0", minimum required is "0.5.0") 
[3.129s] -- Found assimp: /usr/include (found version "5.2.0") 
[3.345s] -- Found DART: /usr/include (Required is at least version "6.6") found components: dart 
[3.948s] -- Found Boost: /usr/lib/x86_64-linux-gnu/cmake/Boost-1.74.0/BoostConfig.cmake (found suitable version "1.74.0", minimum required is "1.40.0") found components: thread system filesystem program_options regex iostreams date_time 
[4.010s] -- Found Protobuf: /usr/lib/x86_64-linux-gnu/libprotobuf.so (found version "3.12.4") 
[4.094s] -- Looking for ignition-math6 -- found version 6.12.0
[4.137s] -- Searching for dependencies of ignition-math6
[4.139s] -- Looking for OGRE...
[4.139s] -- OGRE_PREFIX_WATCH changed.
[4.149s] -- Checking for module 'OGRE'
[4.205s] --   Found OGRE, version 1.9.0
[4.319s] -- Found Ogre Ghadamon (1.9.0)
[4.378s] -- Found OGRE: optimized;/usr/lib/x86_64-linux-gnu/libOgreMain.so;debug;/usr/lib/x86_64-linux-gnu/libOgreMain.so
[4.387s] -- Looking for OGRE_Paging...
[4.447s] -- Found OGRE_Paging: optimized;/usr/lib/x86_64-linux-gnu/libOgrePaging.so;debug;/usr/lib/x86_64-linux-gnu/libOgrePaging.so
[4.447s] -- Looking for OGRE_Terrain...
[4.503s] -- Found OGRE_Terrain: optimized;/usr/lib/x86_64-linux-gnu/libOgreTerrain.so;debug;/usr/lib/x86_64-linux-gnu/libOgreTerrain.so
[4.503s] -- Looking for OGRE_Property...
[4.562s] -- Found OGRE_Property: optimized;/usr/lib/x86_64-linux-gnu/libOgreProperty.so;debug;/usr/lib/x86_64-linux-gnu/libOgreProperty.so
[4.563s] -- Looking for OGRE_RTShaderSystem...
[4.620s] -- Found OGRE_RTShaderSystem: optimized;/usr/lib/x86_64-linux-gnu/libOgreRTShaderSystem.so;debug;/usr/lib/x86_64-linux-gnu/libOgreRTShaderSystem.so
[4.620s] -- Looking for OGRE_Volume...
[4.679s] -- Found OGRE_Volume: optimized;/usr/lib/x86_64-linux-gnu/libOgreVolume.so;debug;/usr/lib/x86_64-linux-gnu/libOgreVolume.so
[4.679s] -- Looking for OGRE_Overlay...
[4.736s] -- Found OGRE_Overlay: optimized;/usr/lib/x86_64-linux-gnu/libOgreOverlay.so;debug;/usr/lib/x86_64-linux-gnu/libOgreOverlay.so
[6.135s] -- Looking for ignition-math6 -- found version 6.12.0
[6.177s] -- Looking for ignition-transport8 -- found version 8.2.1
[6.179s] -- Searching for dependencies of ignition-transport8
[6.246s] -- Found Protobuf: /usr/lib/x86_64-linux-gnu/libprotobuf.so (found suitable version "3.12.4", minimum required is "3") 
[6.298s] -- Config-file not installed for ZeroMQ -- checking for pkg-config
[6.308s] -- Checking for module 'libzmq >= 4'
[6.374s] --   Found libzmq , version 4.3.4
[6.492s] -- Found ZeroMQ: TRUE (Required is at least version "4") 
[6.510s] -- Checking for module 'uuid'
[6.574s] --   Found uuid, version 2.37.2
[6.685s] -- Found UUID: TRUE  
[6.732s] -- Looking for ignition-msgs5 -- found version 5.8.1
[6.733s] -- Searching for dependencies of ignition-msgs5
[6.802s] -- Looking for ignition-math6 -- found version 6.12.0
[6.813s] -- Checking for module 'tinyxml2'
[6.875s] --   Found tinyxml2, version 9.0.0
[6.984s] -- Looking for ignition-msgs5 -- found version 5.8.1
[7.029s] -- Looking for ignition-common3 -- found version 3.14.0
[7.030s] -- Searching for dependencies of ignition-common3
[7.035s] -- Looking for dlfcn.h - found
[7.040s] -- Looking for libdl - found
[7.042s] -- Found DL: TRUE  
[7.138s] -- Found tinyobjloader: /usr/lib/x86_64-linux-gnu/cmake/tinyobjloader/tinyobjloader-config.cmake (found version "2.0.0") 
[7.139s] -- Searching for <ignition-common3> component [graphics]
[7.193s] -- Looking for ignition-common3-graphics -- found version 3.14.0
[7.194s] -- Searching for dependencies of ignition-common3-graphics
[7.194s] -- Looking for ignition-math6 -- found version 6.12.0
[7.254s] -- Looking for ignition-fuel_tools4 -- found version 4.4.0
[7.255s] -- Searching for dependencies of ignition-fuel_tools4
[7.593s] -- Found CURL: /usr/lib/x86_64-linux-gnu/libcurl.so (found version "7.81.0")  
[7.648s] -- Checking for module 'jsoncpp'
[7.705s] --   Found jsoncpp, version 1.9.5
[7.808s] -- Found JSONCPP: TRUE  
[7.845s] -- Checking for module 'libzip'
[7.905s] --   Found libzip, version 1.7.3
[8.014s] -- Found ZIP: TRUE  
[8.014s] -- Looking for ignition-common3 -- found version 3.14.0
[8.015s] -- Looking for ignition-math6 -- found version 6.12.0
[8.015s] -- Looking for ignition-msgs5 -- found version 5.8.1
[8.101s] -- Found gazebo_ros_pkgs: 3.7.0 (/opt/ros/humble/share/gazebo_ros_pkgs/cmake)
[8.117s] -- Found geometry_msgs: 4.2.2 (/home/linux/ros2_humble/install/geometry_msgs/share/geometry_msgs/cmake)
[8.366s] -- Found rosidl_generator_c: 3.1.3 (/home/linux/ros2_humble/install/rosidl_generator_c/share/rosidl_generator_c/cmake)
[8.414s] -- Found rosidl_adapter: 3.1.3 (/home/linux/ros2_humble/install/rosidl_adapter/share/rosidl_adapter/cmake)
[8.466s] -- Found rosidl_generator_cpp: 3.1.3 (/home/linux/ros2_humble/install/rosidl_generator_cpp/share/rosidl_generator_cpp/cmake)
[8.554s] -- Using all available rosidl_typesupport_c: rosidl_typesupport_introspection_c;rosidl_typesupport_fastrtps_c
[8.673s] -- Using all available rosidl_typesupport_cpp: rosidl_typesupport_introspection_cpp;rosidl_typesupport_fastrtps_cpp
[8.907s] -- Found nav_msgs: 4.2.2 (/home/linux/ros2_humble/install/nav_msgs/share/nav_msgs/cmake)
[9.027s] -- Found rclcpp: 16.0.1 (/home/linux/ros2_humble/install/rclcpp/share/rclcpp/cmake)
[9.263s] -- Found rmw_implementation_cmake: 6.1.0 (/home/linux/ros2_humble/install/rmw_implementation_cmake/share/rmw_implementation_cmake/cmake)
[9.306s] -- Found rmw_fastrtps_cpp: 6.2.1 (/home/linux/ros2_humble/install/rmw_fastrtps_cpp/share/rmw_fastrtps_cpp/cmake)
[9.692s] -- Found OpenSSL: /usr/lib/x86_64-linux-gnu/libcrypto.so (found version "3.0.2")  
[9.787s] -- Found FastRTPS: /home/linux/ros2_humble/install/fastrtps/include  
[9.991s] -- Using RMW implementation 'rmw_fastrtps_cpp' as default
[10.075s] -- Found Threads: TRUE  
[10.321s] -- Found sensor_msgs: 4.2.2 (/home/linux/ros2_humble/install/sensor_msgs/share/sensor_msgs/cmake)
[10.455s] -- Found tf2: 0.25.1 (/home/linux/ros2_humble/install/tf2/share/tf2/cmake)
[10.837s] -- Configuring done
[10.898s] -- Generating done
[10.903s] -- Build files have been written to: /home/linux/ENPM808X/week12/ros2_ws/build/turtlebot3_gazebo
[10.924s] Invoked command in '/home/linux/ENPM808X/week12/ros2_ws/build/turtlebot3_gazebo' returned '0': CMAKE_PREFIX_PATH=${CMAKE_PREFIX_PATH}:/home/linux/ros2_humble/install/rqt_bag_plugins:/home/linux/ros2_humble/install/rqt_bag:/home/linux/ros2_humble/install/ros2bag:/home/linux/ros2_humble/install/tracetools_test:/home/linux/ros2_humble/install/tracetools_launch:/home/linux/ros2_humble/install/topic_monitor:/home/linux/ros2_humble/install/tf2_tools:/home/linux/ros2_humble/install/examples_tf2_py:/home/linux/ros2_humble/install/tf2_ros_py:/home/linux/ros2_humble/install/sros2:/home/linux/ros2_humble/install/rqt_topic:/home/linux/ros2_humble/install/rqt_srv:/home/linux/ros2_humble/install/rqt_shell:/home/linux/ros2_humble/install/rqt_service_caller:/home/linux/ros2_humble/install/rqt_reconfigure:/home/linux/ros2_humble/install/rqt_py_console:/home/linux/ros2_humble/install/rqt_publisher:/home/linux/ros2_humble/install/rqt_plot:/home/linux/ros2_humble/install/rqt_action:/home/linux/ros2_humble/install/rqt_msg:/home/linux/ros2_humble/install/rqt_console:/home/linux/ros2_humble/install/rqt:/home/linux/ros2_humble/install/rqt_graph:/home/linux/ros2_humble/install/rqt_gui_py:/home/linux/ros2_humble/install/rqt_gui:/home/linux/ros2_humble/install/ros2trace:/home/linux/ros2_humble/install/ros2topic:/home/linux/ros2_humble/install/ros2test:/home/linux/ros2_humble/install/ros2component:/home/linux/ros2_humble/install/ros2param:/home/linux/ros2_humble/install/ros2lifecycle:/home/linux/ros2_humble/install/ros2service:/home/linux/ros2_humble/install/ros2run:/home/linux/ros2_humble/install/ros2launch:/home/linux/ros2_humble/install/ros2pkg:/home/linux/ros2_humble/install/ros2node:/home/linux/ros2_humble/install/ros2multicast:/home/linux/ros2_humble/install/ros2interface:/home/linux/ros2_humble/install/ros2doctor:/home/linux/ros2_humble/install/ros2action:/home/linux/ros2_humble/install/ros2cli:/home/linux/ros2_humble/install/quality_of_service_demo_py:/home/linux/ros2_humble/install/lifecycle_py:/home/linux/ros2_humble/install/launch_testing_ros:/home/linux/ros2_humble/install/launch_ros:/home/linux/ros2_humble/install/examples_rclpy_pointcloud_publisher:/home/linux/ros2_humble/install/examples_rclpy_minimal_subscriber:/home/linux/ros2_humble/install/examples_rclpy_minimal_service:/home/linux/ros2_humble/install/examples_rclpy_minimal_publisher:/home/linux/ros2_humble/install/examples_rclpy_minimal_client:/home/linux/ros2_humble/install/examples_rclpy_minimal_action_server:/home/linux/ros2_humble/install/examples_rclpy_minimal_action_client:/home/linux/ros2_humble/install/examples_rclpy_guard_conditions:/home/linux/ros2_humble/install/examples_rclpy_executors:/home/linux/ros2_humble/install/demo_nodes_py:/home/linux/ros2_humble/install/action_tutorials_py:/home/linux/ros2_humble/install/ament_uncrustify:/home/linux/ros2_humble/install/tracetools_trace:/home/linux/ros2_humble/install/tracetools_read:/home/linux/ros2_humble/install/test_tracetools_launch:/home/linux/ros2_humble/install/test_launch_ros:/home/linux/ros2_humble/install/sensor_msgs_py:/home/linux/ros2_humble/install/rpyutils:/home/linux/ros2_humble/install/rosidl_runtime_py:/home/linux/ros2_humble/install/rosidl_cli:/home/linux/ros2_humble/install/launch_pytest:/home/linux/ros2_humble/install/launch_testing:/home/linux/ros2_humble/install/launch_yaml:/home/linux/ros2_humble/install/launch_xml:/home/linux/ros2_humble/install/launch:/home/linux/ros2_humble/install/osrf_pycommon:/home/linux/ros2_humble/install/launch_testing_examples:/home/linux/ros2_humble/install/domain_coordinator:/home/linux/ros2_humble/install/ament_xmllint:/home/linux/ros2_humble/install/ament_pyflakes:/home/linux/ros2_humble/install/ament_pycodestyle:/home/linux/ros2_humble/install/ament_pep257:/home/linux/ros2_humble/install/ament_pclint:/home/linux/ros2_humble/install/ament_package:/home/linux/ros2_humble/install/ament_mypy:/home/linux/ros2_humble/install/ament_lint_cmake:/home/linux/ros2_humble/install/ament_flake8:/home/linux/ros2_humble/install/ament_copyright:/home/linux/ros2_humble/install/ament_lint:/home/linux/ros2_humble/install/ament_index_python:/home/linux/ros2_humble/install/ament_cpplint:/home/linux/ros2_humble/install/ament_cppcheck:/home/linux/ros2_humble/install/ament_clang_tidy:/home/linux/ros2_humble/install/ament_clang_format:/opt/ros/humble /usr/bin/cmake /home/linux/ENPM808X/week12/ros2_ws/src/turtlebot3_gazebo -DCMAKE_INSTALL_PREFIX=/home/linux/ENPM808X/week12/ros2_ws/install/turtlebot3_gazebo
[10.927s] Invoking command in '/home/linux/ENPM808X/week12/ros2_ws/build/turtlebot3_gazebo': CMAKE_PREFIX_PATH=${CMAKE_PREFIX_PATH}:/home/linux/ros2_humble/install/rqt_bag_plugins:/home/linux/ros2_humble/install/rqt_bag:/home/linux/ros2_humble/install/ros2bag:/home/linux/ros2_humble/install/tracetools_test:/home/linux/ros2_humble/install/tracetools_launch:/home/linux/ros2_humble/install/topic_monitor:/home/linux/ros2_humble/install/tf2_tools:/home/linux/ros2_humble/install/examples_tf2_py:/home/linux/ros2_humble/install/tf2_ros_py:/home/linux/ros2_humble/install/sros2:/home/linux/ros2_humble/install/rqt_topic:/home/linux/ros2_humble/install/rqt_srv:/home/linux/ros2_humble/install/rqt_shell:/home/linux/ros2_humble/install/rqt_service_caller:/home/linux/ros2_humble/install/rqt_reconfigure:/home/linux/ros2_humble/install/rqt_py_console:/home/linux/ros2_humble/install/rqt_publisher:/home/linux/ros2_humble/install/rqt_plot:/home/linux/ros2_humble/install/rqt_action:/home/linux/ros2_humble/install/rqt_msg:/home/linux/ros2_humble/install/rqt_console:/home/linux/ros2_humble/install/rqt:/home/linux/ros2_humble/install/rqt_graph:/home/linux/ros2_humble/install/rqt_gui_py:/home/linux/ros2_humble/install/rqt_gui:/home/linux/ros2_humble/install/ros2trace:/home/linux/ros2_humble/install/ros2topic:/home/linux/ros2_humble/install/ros2test:/home/linux/ros2_humble/install/ros2component:/home/linux/ros2_humble/install/ros2param:/home/linux/ros2_humble/install/ros2lifecycle:/home/linux/ros2_humble/install/ros2service:/home/linux/ros2_humble/install/ros2run:/home/linux/ros2_humble/install/ros2launch:/home/linux/ros2_humble/install/ros2pkg:/home/linux/ros2_humble/install/ros2node:/home/linux/ros2_humble/install/ros2multicast:/home/linux/ros2_humble/install/ros2interface:/home/linux/ros2_humble/install/ros2doctor:/home/linux/ros2_humble/install/ros2action:/home/linux/ros2_humble/install/ros2cli:/home/linux/ros2_humble/install/quality_of_service_demo_py:/home/linux/ros2_humble/install/lifecycle_py:/home/linux/ros2_humble/install/launch_testing_ros:/home/linux/ros2_humble/install/launch_ros:/home/linux/ros2_humble/install/examples_rclpy_pointcloud_publisher:/home/linux/ros2_humble/install/examples_rclpy_minimal_subscriber:/home/linux/ros2_humble/install/examples_rclpy_minimal_service:/home/linux/ros2_humble/install/examples_rclpy_minimal_publisher:/home/linux/ros2_humble/install/examples_rclpy_minimal_client:/home/linux/ros2_humble/install/examples_rclpy_minimal_action_server:/home/linux/ros2_humble/install/examples_rclpy_minimal_action_client:/home/linux/ros2_humble/install/examples_rclpy_guard_conditions:/home/linux/ros2_humble/install/examples_rclpy_executors:/home/linux/ros2_humble/install/demo_nodes_py:/home/linux/ros2_humble/install/action_tutorials_py:/home/linux/ros2_humble/install/ament_uncrustify:/home/linux/ros2_humble/install/tracetools_trace:/home/linux/ros2_humble/install/tracetools_read:/home/linux/ros2_humble/install/test_tracetools_launch:/home/linux/ros2_humble/install/test_launch_ros:/home/linux/ros2_humble/install/sensor_msgs_py:/home/linux/ros2_humble/install/rpyutils:/home/linux/ros2_humble/install/rosidl_runtime_py:/home/linux/ros2_humble/install/rosidl_cli:/home/linux/ros2_humble/install/launch_pytest:/home/linux/ros2_humble/install/launch_testing:/home/linux/ros2_humble/install/launch_yaml:/home/linux/ros2_humble/install/launch_xml:/home/linux/ros2_humble/install/launch:/home/linux/ros2_humble/install/osrf_pycommon:/home/linux/ros2_humble/install/launch_testing_examples:/home/linux/ros2_humble/install/domain_coordinator:/home/linux/ros2_humble/install/ament_xmllint:/home/linux/ros2_humble/install/ament_pyflakes:/home/linux/ros2_humble/install/ament_pycodestyle:/home/linux/ros2_humble/install/ament_pep257:/home/linux/ros2_humble/install/ament_pclint:/home/linux/ros2_humble/install/ament_package:/home/linux/ros2_humble/install/ament_mypy:/home/linux/ros2_humble/install/ament_lint_cmake:/home/linux/ros2_humble/install/ament_flake8:/home/linux/ros2_humble/install/ament_copyright:/home/linux/ros2_humble/install/ament_lint:/home/linux/ros2_humble/install/ament_index_python:/home/linux/ros2_humble/install/ament_cpplint:/home/linux/ros2_humble/install/ament_cppcheck:/home/linux/ros2_humble/install/ament_clang_tidy:/home/linux/ros2_humble/install/ament_clang_format:/opt/ros/humble /usr/bin/cmake --build /home/linux/ENPM808X/week12/ros2_ws/build/turtlebot3_gazebo -- -j4 -l4
[11.105s] [ 12%] [32mBuilding CXX object CMakeFiles/obstacle2.dir/models/turtlebot3_dqn_world/obstacle_plugin/obstacle2.cc.o[0m
[11.108s] [ 37%] [32mBuilding CXX object CMakeFiles/obstacles.dir/models/turtlebot3_dqn_world/obstacle_plugin/obstacles.cc.o[0m
[11.108s] [ 37%] [32mBuilding CXX object CMakeFiles/turtlebot3_drive.dir/src/turtlebot3_drive.cpp.o[0m
[11.109s] [ 50%] [32mBuilding CXX object CMakeFiles/obstacle1.dir/models/turtlebot3_dqn_world/obstacle_plugin/obstacle1.cc.o[0m
[31.608s] [ 62%] [32m[1mLinking CXX executable turtlebot3_drive[0m
[34.132s] [ 62%] Built target turtlebot3_drive
[37.021s] [ 75%] [32m[1mLinking CXX shared library libobstacle1.so[0m
[37.150s] [ 87%] [32m[1mLinking CXX shared library libobstacle2.so[0m
[37.769s] [100%] [32m[1mLinking CXX shared library libobstacles.so[0m
[37.813s] [100%] Built target obstacle2
[37.858s] [100%] Built target obstacle1
[38.163s] [100%] Built target obstacles
[38.193s] Invoked command in '/home/linux/ENPM808X/week12/ros2_ws/build/turtlebot3_gazebo' returned '0': CMAKE_PREFIX_PATH=${CMAKE_PREFIX_PATH}:/home/linux/ros2_humble/install/rqt_bag_plugins:/home/linux/ros2_humble/install/rqt_bag:/home/linux/ros2_humble/install/ros2bag:/home/linux/ros2_humble/install/tracetools_test:/home/linux/ros2_humble/install/tracetools_launch:/home/linux/ros2_humble/install/topic_monitor:/home/linux/ros2_humble/install/tf2_tools:/home/linux/ros2_humble/install/examples_tf2_py:/home/linux/ros2_humble/install/tf2_ros_py:/home/linux/ros2_humble/install/sros2:/home/linux/ros2_humble/install/rqt_topic:/home/linux/ros2_humble/install/rqt_srv:/home/linux/ros2_humble/install/rqt_shell:/home/linux/ros2_humble/install/rqt_service_caller:/home/linux/ros2_humble/install/rqt_reconfigure:/home/linux/ros2_humble/install/rqt_py_console:/home/linux/ros2_humble/install/rqt_publisher:/home/linux/ros2_humble/install/rqt_plot:/home/linux/ros2_humble/install/rqt_action:/home/linux/ros2_humble/install/rqt_msg:/home/linux/ros2_humble/install/rqt_console:/home/linux/ros2_humble/install/rqt:/home/linux/ros2_humble/install/rqt_graph:/home/linux/ros2_humble/install/rqt_gui_py:/home/linux/ros2_humble/install/rqt_gui:/home/linux/ros2_humble/install/ros2trace:/home/linux/ros2_humble/install/ros2topic:/home/linux/ros2_humble/install/ros2test:/home/linux/ros2_humble/install/ros2component:/home/linux/ros2_humble/install/ros2param:/home/linux/ros2_humble/install/ros2lifecycle:/home/linux/ros2_humble/install/ros2service:/home/linux/ros2_humble/install/ros2run:/home/linux/ros2_humble/install/ros2launch:/home/linux/ros2_humble/install/ros2pkg:/home/linux/ros2_humble/install/ros2node:/home/linux/ros2_humble/install/ros2multicast:/home/linux/ros2_humble/install/ros2interface:/home/linux/ros2_humble/install/ros2doctor:/home/linux/ros2_humble/install/ros2action:/home/linux/ros2_humble/install/ros2cli:/home/linux/ros2_humble/install/quality_of_service_demo_py:/home/linux/ros2_humble/install/lifecycle_py:/home/linux/ros2_humble/install/launch_testing_ros:/home/linux/ros2_humble/install/launch_ros:/home/linux/ros2_humble/install/examples_rclpy_pointcloud_publisher:/home/linux/ros2_humble/install/examples_rclpy_minimal_subscriber:/home/linux/ros2_humble/install/examples_rclpy_minimal_service:/home/linux/ros2_humble/install/examples_rclpy_minimal_publisher:/home/linux/ros2_humble/install/examples_rclpy_minimal_client:/home/linux/ros2_humble/install/examples_rclpy_minimal_action_server:/home/linux/ros2_humble/install/examples_rclpy_minimal_action_client:/home/linux/ros2_humble/install/examples_rclpy_guard_conditions:/home/linux/ros2_humble/install/examples_rclpy_executors:/home/linux/ros2_humble/install/demo_nodes_py:/home/linux/ros2_humble/install/action_tutorials_py:/home/linux/ros2_humble/install/ament_uncrustify:/home/linux/ros2_humble/install/tracetools_trace:/home/linux/ros2_humble/install/tracetools_read:/home/linux/ros2_humble/install/test_tracetools_launch:/home/linux/ros2_humble/install/test_launch_ros:/home/linux/ros2_humble/install/sensor_msgs_py:/home/linux/ros2_humble/install/rpyutils:/home/linux/ros2_humble/install/rosidl_runtime_py:/home/linux/ros2_humble/install/rosidl_cli:/home/linux/ros2_humble/install/launch_pytest:/home/linux/ros2_humble/install/launch_testing:/home/linux/ros2_humble/install/launch_yaml:/home/linux/ros2_humble/install/launch_xml:/home/linux/ros2_humble/install/launch:/home/linux/ros2_humble/install/osrf_pycommon:/home/linux/ros2_humble/install/launch_testing_examples:/home/linux/ros2_humble/install/domain_coordinator:/home/linux/ros2_humble/install/ament_xmllint:/home/linux/ros2_humble/install/ament_pyflakes:/home/linux/ros2_humble/install/ament_pycodestyle:/home/linux/ros2_humble/install/ament_pep257:/home/linux/ros2_humble/install/ament_pclint:/home/linux/ros2_humble/install/ament_package:/home/linux/ros2_humble/install/ament_mypy:/home/linux/ros2_humble/install/ament_lint_cmake:/home/linux/ros2_humble/install/ament_flake8:/home/linux/ros2_humble/install/ament_copyright:/home/linux/ros2_humble/install/ament_lint:/home/linux/ros2_humble/install/ament_index_python:/home/linux/ros2_humble/install/ament_cpplint:/home/linux/ros2_humble/install/ament_cppcheck:/home/linux/ros2_humble/install/ament_clang_tidy:/home/linux/ros2_humble/install/ament_clang_format:/opt/ros/humble /usr/bin/cmake --build /home/linux/ENPM808X/week12/ros2_ws/build/turtlebot3_gazebo -- -j4 -l4
[38.374s] Invoking command in '/home/linux/ENPM808X/week12/ros2_ws/build/turtlebot3_gazebo': CMAKE_PREFIX_PATH=${CMAKE_PREFIX_PATH}:/home/linux/ros2_humble/install/rqt_bag_plugins:/home/linux/ros2_humble/install/rqt_bag:/home/linux/ros2_humble/install/ros2bag:/home/linux/ros2_humble/install/tracetools_test:/home/linux/ros2_humble/install/tracetools_launch:/home/linux/ros2_humble/install/topic_monitor:/home/linux/ros2_humble/install/tf2_tools:/home/linux/ros2_humble/install/examples_tf2_py:/home/linux/ros2_humble/install/tf2_ros_py:/home/linux/ros2_humble/install/sros2:/home/linux/ros2_humble/install/rqt_topic:/home/linux/ros2_humble/install/rqt_srv:/home/linux/ros2_humble/install/rqt_shell:/home/linux/ros2_humble/install/rqt_service_caller:/home/linux/ros2_humble/install/rqt_reconfigure:/home/linux/ros2_humble/install/rqt_py_console:/home/linux/ros2_humble/install/rqt_publisher:/home/linux/ros2_humble/install/rqt_plot:/home/linux/ros2_humble/install/rqt_action:/home/linux/ros2_humble/install/rqt_msg:/home/linux/ros2_humble/install/rqt_console:/home/linux/ros2_humble/install/rqt:/home/linux/ros2_humble/install/rqt_graph:/home/linux/ros2_humble/install/rqt_gui_py:/home/linux/ros2_humble/install/rqt_gui:/home/linux/ros2_humble/install/ros2trace:/home/linux/ros2_humble/install/ros2topic:/home/linux/ros2_humble/install/ros2test:/home/linux/ros2_humble/install/ros2component:/home/linux/ros2_humble/install/ros2param:/home/linux/ros2_humble/install/ros2lifecycle:/home/linux/ros2_humble/install/ros2service:/home/linux/ros2_humble/install/ros2run:/home/linux/ros2_humble/install/ros2launch:/home/linux/ros2_humble/install/ros2pkg:/home/linux/ros2_humble/install/ros2node:/home/linux/ros2_humble/install/ros2multicast:/home/linux/ros2_humble/install/ros2interface:/home/linux/ros2_humble/install/ros2doctor:/home/linux/ros2_humble/install/ros2action:/home/linux/ros2_humble/install/ros2cli:/home/linux/ros2_humble/install/quality_of_service_demo_py:/home/linux/ros2_humble/install/lifecycle_py:/home/linux/ros2_humble/install/launch_testing_ros:/home/linux/ros2_humble/install/launch_ros:/home/linux/ros2_humble/install/examples_rclpy_pointcloud_publisher:/home/linux/ros2_humble/install/examples_rclpy_minimal_subscriber:/home/linux/ros2_humble/install/examples_rclpy_minimal_service:/home/linux/ros2_humble/install/examples_rclpy_minimal_publisher:/home/linux/ros2_humble/install/examples_rclpy_minimal_client:/home/linux/ros2_humble/install/examples_rclpy_minimal_action_server:/home/linux/ros2_humble/install/examples_rclpy_minimal_action_client:/home/linux/ros2_humble/install/examples_rclpy_guard_conditions:/home/linux/ros2_humble/install/examples_rclpy_executors:/home/linux/ros2_humble/install/demo_nodes_py:/home/linux/ros2_humble/install/action_tutorials_py:/home/linux/ros2_humble/install/ament_uncrustify:/home/linux/ros2_humble/install/tracetools_trace:/home/linux/ros2_humble/install/tracetools_read:/home/linux/ros2_humble/install/test_tracetools_launch:/home/linux/ros2_humble/install/test_launch_ros:/home/linux/ros2_humble/install/sensor_msgs_py:/home/linux/ros2_humble/install/rpyutils:/home/linux/ros2_humble/install/rosidl_runtime_py:/home/linux/ros2_humble/install/rosidl_cli:/home/linux/ros2_humble/install/launch_pytest:/home/linux/ros2_humble/install/launch_testing:/home/linux/ros2_humble/install/launch_yaml:/home/linux/ros2_humble/install/launch_xml:/home/linux/ros2_humble/install/launch:/home/linux/ros2_humble/install/osrf_pycommon:/home/linux/ros2_humble/install/launch_testing_examples:/home/linux/ros2_humble/install/domain_coordinator:/home/linux/ros2_humble/install/ament_xmllint:/home/linux/ros2_humble/install/ament_pyflakes:/home/linux/ros2_humble/install/ament_pycodestyle:/home/linux/ros2_humble/install/ament_pep257:/home/linux/ros2_humble/install/ament_pclint:/home/linux/ros2_humble/install/ament_package:/home/linux/ros2_humble/install/ament_mypy:/home/linux/ros2_humble/install/ament_lint_cmake:/home/linux/ros2_humble/install/ament_flake8:/home/linux/ros2_humble/install/ament_copyright:/home/linux/ros2_humble/install/ament_lint:/home/linux/ros2_humble/install/ament_index_python:/home/linux/ros2_humble/install/ament_cpplint:/home/linux/ros2_humble/install/ament_cppcheck:/home/linux/ros2_humble/install/ament_clang_tidy:/home/linux/ros2_humble/install/ament_clang_format:/opt/ros/humble /usr/bin/cmake --install /home/linux/ENPM808X/week12/ros2_ws/build/turtlebot3_gazebo
[38.398s] -- Install configuration: ""
[38.399s] -- Installing: /home/linux/ENPM808X/week12/ros2_ws/install/turtlebot3_gazebo/lib/turtlebot3_gazebo/turtlebot3_drive
[38.404s] -- Set runtime path of "/home/linux/ENPM808X/week12/ros2_ws/install/turtlebot3_gazebo/lib/turtlebot3_gazebo/turtlebot3_drive" to ""
[38.404s] -- Installing: /home/linux/ENPM808X/week12/ros2_ws/install/turtlebot3_gazebo/share/turtlebot3_gazebo//launch
[38.405s] -- Installing: /home/linux/ENPM808X/week12/ros2_ws/install/turtlebot3_gazebo/share/turtlebot3_gazebo//launch/__pycache__
[38.406s] -- Installing: /home/linux/ENPM808X/week12/ros2_ws/install/turtlebot3_gazebo/share/turtlebot3_gazebo//launch/__pycache__/old_turtlebot3_world.launch.cpython-310.pyc
[38.406s] -- Installing: /home/linux/ENPM808X/week12/ros2_ws/install/turtlebot3_gazebo/share/turtlebot3_gazebo//launch/__pycache__/turtlebot3_world.launch.cpython-310.pyc
[38.406s] -- Installing: /home/linux/ENPM808X/week12/ros2_ws/install/turtlebot3_gazebo/share/turtlebot3_gazebo//launch/turtlebot3_world.launch.py
[38.407s] -- Installing: /home/linux/ENPM808X/week12/ros2_ws/install/turtlebot3_gazebo/share/turtlebot3_gazebo//launch/record_turtlebot3_world.launch.py
[38.407s] -- Installing: /home/linux/ENPM808X/week12/ros2_ws/install/turtlebot3_gazebo/share/turtlebot3_gazebo//launch/old2_turtlebot3_world.launch.py
[38.408s] -- Installing: /home/linux/ENPM808X/week12/ros2_ws/install/turtlebot3_gazebo/share/turtlebot3_gazebo//models
[38.408s] -- Installing: /home/linux/ENPM808X/week12/ros2_ws/install/turtlebot3_gazebo/share/turtlebot3_gazebo//models/turtlebot3_dqn_world
[38.408s] -- Installing: /home/linux/ENPM808X/week12/ros2_ws/install/turtlebot3_gazebo/share/turtlebot3_gazebo//models/turtlebot3_dqn_world/obstacle_plugin
[38.408s] -- Installing: /home/linux/ENPM808X/week12/ros2_ws/install/turtlebot3_gazebo/share/turtlebot3_gazebo//models/turtlebot3_dqn_world/obstacle_plugin/obstacle2.cc
[38.409s] -- Installing: /home/linux/ENPM808X/week12/ros2_ws/install/turtlebot3_gazebo/share/turtlebot3_gazebo//models/turtlebot3_dqn_world/obstacle_plugin/CMakeLists.txt
[38.409s] -- Installing: /home/linux/ENPM808X/week12/ros2_ws/install/turtlebot3_gazebo/share/turtlebot3_gazebo//models/turtlebot3_dqn_world/obstacle_plugin/obstacles.cc
[38.409s] -- Installing: /home/linux/ENPM808X/week12/ros2_ws/install/turtlebot3_gazebo/share/turtlebot3_gazebo//models/turtlebot3_dqn_world/obstacle_plugin/obstacle1.cc
[38.409s] -- Installing: /home/linux/ENPM808X/week12/ros2_ws/install/turtlebot3_gazebo/share/turtlebot3_gazebo//models/turtlebot3_dqn_world/inner_walls
[38.409s] -- Installing: /home/linux/ENPM808X/week12/ros2_ws/install/turtlebot3_gazebo/share/turtlebot3_gazebo//models/turtlebot3_dqn_world/inner_walls/model.sdf
[38.410s] -- Installing: /home/linux/ENPM808X/week12/ros2_ws/install/turtlebot3_gazebo/share/turtlebot3_gazebo//models/turtlebot3_dqn_world/inner_walls/model.config
[38.410s] -- Installing: /home/linux/ENPM808X/week12/ros2_ws/install/turtlebot3_gazebo/share/turtlebot3_gazebo//models/turtlebot3_dqn_world/obstacle1
[38.410s] -- Installing: /home/linux/ENPM808X/week12/ros2_ws/install/turtlebot3_gazebo/share/turtlebot3_gazebo//models/turtlebot3_dqn_world/obstacle1/model.sdf
[38.413s] -- Installing: /home/linux/ENPM808X/week12/ros2_ws/install/turtlebot3_gazebo/share/turtlebot3_gazebo//models/turtlebot3_dqn_world/obstacle1/model.config
[38.413s] -- Installing: /home/linux/ENPM808X/week12/ros2_ws/install/turtlebot3_gazebo/share/turtlebot3_gazebo//models/turtlebot3_dqn_world/goal_box
[38.414s] -- Installing: /home/linux/ENPM808X/week12/ros2_ws/install/turtlebot3_gazebo/share/turtlebot3_gazebo//models/turtlebot3_dqn_world/goal_box/model.sdf
[38.414s] -- Installing: /home/linux/ENPM808X/week12/ros2_ws/install/turtlebot3_gazebo/share/turtlebot3_gazebo//models/turtlebot3_dqn_world/goal_box/model.config
[38.414s] -- Installing: /home/linux/ENPM808X/week12/ros2_ws/install/turtlebot3_gazebo/share/turtlebot3_gazebo//models/turtlebot3_dqn_world/obstacles
[38.414s] -- Installing: /home/linux/ENPM808X/week12/ros2_ws/install/turtlebot3_gazebo/share/turtlebot3_gazebo//models/turtlebot3_dqn_world/obstacles/model.sdf
[38.414s] -- Installing: /home/linux/ENPM808X/week12/ros2_ws/install/turtlebot3_gazebo/share/turtlebot3_gazebo//models/turtlebot3_dqn_world/obstacles/model.config
[38.414s] -- Installing: /home/linux/ENPM808X/week12/ros2_ws/install/turtlebot3_gazebo/share/turtlebot3_gazebo//models/turtlebot3_dqn_world/model.sdf
[38.414s] -- Installing: /home/linux/ENPM808X/week12/ros2_ws/install/turtlebot3_gazebo/share/turtlebot3_gazebo//models/turtlebot3_dqn_world/obstacle2
[38.415s] -- Installing: /home/linux/ENPM808X/week12/ros2_ws/install/turtlebot3_gazebo/share/turtlebot3_gazebo//models/turtlebot3_dqn_world/obstacle2/model.sdf
[38.415s] -- Installing: /home/linux/ENPM808X/week12/ros2_ws/install/turtlebot3_gazebo/share/turtlebot3_gazebo//models/turtlebot3_dqn_world/obstacle2/model.config
[38.415s] -- Installing: /home/linux/ENPM808X/week12/ros2_ws/install/turtlebot3_gazebo/share/turtlebot3_gazebo//models/turtlebot3_dqn_world/model.config
[38.415s] -- Installing: /home/linux/ENPM808X/week12/ros2_ws/install/turtlebot3_gazebo/share/turtlebot3_gazebo//models/turtlebot3_house
[38.415s] -- Installing: /home/linux/ENPM808X/week12/ros2_ws/install/turtlebot3_gazebo/share/turtlebot3_gazebo//models/turtlebot3_house/model.sdf
[38.417s] -- Installing: /home/linux/ENPM808X/week12/ros2_ws/install/turtlebot3_gazebo/share/turtlebot3_gazebo//models/turtlebot3_house/model.config
[38.417s] -- Installing: /home/linux/ENPM808X/week12/ros2_ws/install/turtlebot3_gazebo/share/turtlebot3_gazebo//models/turtlebot3_burger
[38.417s] -- Installing: /home/linux/ENPM808X/week12/ros2_ws/install/turtlebot3_gazebo/share/turtlebot3_gazebo//models/turtlebot3_burger/model-1_4.sdf
[38.417s] -- Installing: /home/linux/ENPM808X/week12/ros2_ws/install/turtlebot3_gazebo/share/turtlebot3_gazebo//models/turtlebot3_burger/model.sdf
[38.418s] -- Installing: /home/linux/ENPM808X/week12/ros2_ws/install/turtlebot3_gazebo/share/turtlebot3_gazebo//models/turtlebot3_burger/model.config
[38.418s] -- Installing: /home/linux/ENPM808X/week12/ros2_ws/install/turtlebot3_gazebo/share/turtlebot3_gazebo//models/turtlebot3_waffle_pi
[38.418s] -- Installing: /home/linux/ENPM808X/week12/ros2_ws/install/turtlebot3_gazebo/share/turtlebot3_gazebo//models/turtlebot3_waffle_pi/model-1_4_.sdf
[38.418s] -- Installing: /home/linux/ENPM808X/week12/ros2_ws/install/turtlebot3_gazebo/share/turtlebot3_gazebo//models/turtlebot3_waffle_pi/model.sdf
[38.419s] -- Installing: /home/linux/ENPM808X/week12/ros2_ws/install/turtlebot3_gazebo/share/turtlebot3_gazebo//models/turtlebot3_waffle_pi/model.config
[38.419s] -- Installing: /home/linux/ENPM808X/week12/ros2_ws/install/turtlebot3_gazebo/share/turtlebot3_gazebo//models/turtlebot3_world
[38.419s] -- Installing: /home/linux/ENPM808X/week12/ros2_ws/install/turtlebot3_gazebo/share/turtlebot3_gazebo//models/turtlebot3_world/model-1_4.sdf
[38.420s] -- Installing: /home/linux/ENPM808X/week12/ros2_ws/install/turtlebot3_gazebo/share/turtlebot3_gazebo//models/turtlebot3_world/meshes
[38.420s] -- Installing: /home/linux/ENPM808X/week12/ros2_ws/install/turtlebot3_gazebo/share/turtlebot3_gazebo//models/turtlebot3_world/meshes/wall.dae
[38.420s] -- Installing: /home/linux/ENPM808X/week12/ros2_ws/install/turtlebot3_gazebo/share/turtlebot3_gazebo//models/turtlebot3_world/meshes/hexagon.dae
[38.421s] -- Installing: /home/linux/ENPM808X/week12/ros2_ws/install/turtlebot3_gazebo/share/turtlebot3_gazebo//models/turtlebot3_world/model.sdf
[38.421s] -- Installing: /home/linux/ENPM808X/week12/ros2_ws/install/turtlebot3_gazebo/share/turtlebot3_gazebo//models/turtlebot3_world/model.config
[38.421s] -- Installing: /home/linux/ENPM808X/week12/ros2_ws/install/turtlebot3_gazebo/share/turtlebot3_gazebo//models/turtlebot3_common
[38.421s] -- Installing: /home/linux/ENPM808X/week12/ros2_ws/install/turtlebot3_gazebo/share/turtlebot3_gazebo//models/turtlebot3_common/meshes
[38.422s] -- Installing: /home/linux/ENPM808X/week12/ros2_ws/install/turtlebot3_gazebo/share/turtlebot3_gazebo//models/turtlebot3_common/meshes/lds.dae
[38.422s] -- Installing: /home/linux/ENPM808X/week12/ros2_ws/install/turtlebot3_gazebo/share/turtlebot3_gazebo//models/turtlebot3_common/meshes/burger_base.dae
[38.423s] -- Installing: /home/linux/ENPM808X/week12/ros2_ws/install/turtlebot3_gazebo/share/turtlebot3_gazebo//models/turtlebot3_common/meshes/waffle_pi_base.dae
[38.423s] -- Installing: /home/linux/ENPM808X/week12/ros2_ws/install/turtlebot3_gazebo/share/turtlebot3_gazebo//models/turtlebot3_common/meshes/r200.dae
[38.424s] -- Installing: /home/linux/ENPM808X/week12/ros2_ws/install/turtlebot3_gazebo/share/turtlebot3_gazebo//models/turtlebot3_common/meshes/waffle_base.dae
[38.424s] -- Installing: /home/linux/ENPM808X/week12/ros2_ws/install/turtlebot3_gazebo/share/turtlebot3_gazebo//models/turtlebot3_common/meshes/tire.dae
[38.425s] -- Installing: /home/linux/ENPM808X/week12/ros2_ws/install/turtlebot3_gazebo/share/turtlebot3_gazebo//models/turtlebot3_common/model.config
[38.425s] -- Installing: /home/linux/ENPM808X/week12/ros2_ws/install/turtlebot3_gazebo/share/turtlebot3_gazebo//models/turtlebot3_waffle
[38.425s] -- Installing: /home/linux/ENPM808X/week12/ros2_ws/install/turtlebot3_gazebo/share/turtlebot3_gazebo//models/turtlebot3_waffle/model-1_4.sdf
[38.426s] -- Installing: /home/linux/ENPM808X/week12/ros2_ws/install/turtlebot3_gazebo/share/turtlebot3_gazebo//models/turtlebot3_waffle/model.sdf
[38.426s] -- Installing: /home/linux/ENPM808X/week12/ros2_ws/install/turtlebot3_gazebo/share/turtlebot3_gazebo//models/turtlebot3_waffle/model.config
[38.426s] -- Installing: /home/linux/ENPM808X/week12/ros2_ws/install/turtlebot3_gazebo/share/turtlebot3_gazebo//rviz
[38.426s] -- Installing: /home/linux/ENPM808X/week12/ros2_ws/install/turtlebot3_gazebo/share/turtlebot3_gazebo//rviz/tb3_gazebo.rviz
[38.427s] -- Installing: /home/linux/ENPM808X/week12/ros2_ws/install/turtlebot3_gazebo/share/turtlebot3_gazebo//urdf
[38.427s] -- Installing: /home/linux/ENPM808X/week12/ros2_ws/install/turtlebot3_gazebo/share/turtlebot3_gazebo//urdf/turtlebot3_waffle.urdf
[38.427s] -- Installing: /home/linux/ENPM808X/week12/ros2_ws/install/turtlebot3_gazebo/share/turtlebot3_gazebo//urdf/common_properties.urdf
[38.427s] -- Installing: /home/linux/ENPM808X/week12/ros2_ws/install/turtlebot3_gazebo/share/turtlebot3_gazebo//urdf/turtlebot3_waffle_pi.urdf
[38.428s] -- Installing: /home/linux/ENPM808X/week12/ros2_ws/install/turtlebot3_gazebo/share/turtlebot3_gazebo//urdf/turtlebot3_burger.urdf
[38.428s] -- Installing: /home/linux/ENPM808X/week12/ros2_ws/install/turtlebot3_gazebo/share/turtlebot3_gazebo//worlds
[38.428s] -- Installing: /home/linux/ENPM808X/week12/ros2_ws/install/turtlebot3_gazebo/share/turtlebot3_gazebo//worlds/turtlebot3_house.world
[38.429s] -- Installing: /home/linux/ENPM808X/week12/ros2_ws/install/turtlebot3_gazebo/share/turtlebot3_gazebo//worlds/turtlebot3_dqn_stage2.world
[38.429s] -- Installing: /home/linux/ENPM808X/week12/ros2_ws/install/turtlebot3_gazebo/share/turtlebot3_gazebo//worlds/turtlebot3_world.world
[38.429s] -- Installing: /home/linux/ENPM808X/week12/ros2_ws/install/turtlebot3_gazebo/share/turtlebot3_gazebo//worlds/turtlebot3_dqn_stage1.world
[38.430s] -- Installing: /home/linux/ENPM808X/week12/ros2_ws/install/turtlebot3_gazebo/share/turtlebot3_gazebo//worlds/turtlebot3_dqn_stage3.world
[38.430s] -- Installing: /home/linux/ENPM808X/week12/ros2_ws/install/turtlebot3_gazebo/share/turtlebot3_gazebo//worlds/turtlebot3_dqn_stage4.world
[38.431s] -- Installing: /home/linux/ENPM808X/week12/ros2_ws/install/turtlebot3_gazebo/share/turtlebot3_gazebo//worlds/empty_world.world
[38.432s] -- Installing: /home/linux/ENPM808X/week12/ros2_ws/install/turtlebot3_gazebo/include/
[38.432s] -- Installing: /home/linux/ENPM808X/week12/ros2_ws/install/turtlebot3_gazebo/include//turtlebot3_gazebo
[38.433s] -- Installing: /home/linux/ENPM808X/week12/ros2_ws/install/turtlebot3_gazebo/share/ament_index/resource_index/package_run_dependencies/turtlebot3_gazebo
[38.433s] -- Installing: /home/linux/ENPM808X/week12/ros2_ws/install/turtlebot3_gazebo/share/ament_index/resource_index/parent_prefix_path/turtlebot3_gazebo
[38.435s] -- Installing: /home/linux/ENPM808X/week12/ros2_ws/install/turtlebot3_gazebo/share/turtlebot3_gazebo/environment/ament_prefix_path.sh
[38.435s] -- Installing: /home/linux/ENPM808X/week12/ros2_ws/install/turtlebot3_gazebo/share/turtlebot3_gazebo/environment/ament_prefix_path.dsv
[38.436s] -- Installing: /home/linux/ENPM808X/week12/ros2_ws/install/turtlebot3_gazebo/share/turtlebot3_gazebo/environment/path.sh
[38.436s] -- Installing: /home/linux/ENPM808X/week12/ros2_ws/install/turtlebot3_gazebo/share/turtlebot3_gazebo/environment/path.dsv
[38.436s] -- Installing: /home/linux/ENPM808X/week12/ros2_ws/install/turtlebot3_gazebo/share/turtlebot3_gazebo/local_setup.bash
[38.436s] -- Installing: /home/linux/ENPM808X/week12/ros2_ws/install/turtlebot3_gazebo/share/turtlebot3_gazebo/local_setup.sh
[38.437s] -- Installing: /home/linux/ENPM808X/week12/ros2_ws/install/turtlebot3_gazebo/share/turtlebot3_gazebo/local_setup.zsh
[38.437s] -- Installing: /home/linux/ENPM808X/week12/ros2_ws/install/turtlebot3_gazebo/share/turtlebot3_gazebo/local_setup.dsv
[38.437s] -- Installing: /home/linux/ENPM808X/week12/ros2_ws/install/turtlebot3_gazebo/share/turtlebot3_gazebo/package.dsv
[38.438s] -- Installing: /home/linux/ENPM808X/week12/ros2_ws/install/turtlebot3_gazebo/share/ament_index/resource_index/packages/turtlebot3_gazebo
[38.438s] -- Installing: /home/linux/ENPM808X/week12/ros2_ws/install/turtlebot3_gazebo/share/turtlebot3_gazebo/cmake/ament_cmake_export_include_directories-extras.cmake
[38.438s] -- Installing: /home/linux/ENPM808X/week12/ros2_ws/install/turtlebot3_gazebo/share/turtlebot3_gazebo/cmake/ament_cmake_export_dependencies-extras.cmake
[38.439s] -- Installing: /home/linux/ENPM808X/week12/ros2_ws/install/turtlebot3_gazebo/share/turtlebot3_gazebo/cmake/turtlebot3_gazeboConfig.cmake
[38.439s] -- Installing: /home/linux/ENPM808X/week12/ros2_ws/install/turtlebot3_gazebo/share/turtlebot3_gazebo/cmake/turtlebot3_gazeboConfig-version.cmake
[38.439s] -- Installing: /home/linux/ENPM808X/week12/ros2_ws/install/turtlebot3_gazebo/share/turtlebot3_gazebo/package.xml
[38.443s] Invoked command in '/home/linux/ENPM808X/week12/ros2_ws/build/turtlebot3_gazebo' returned '0': CMAKE_PREFIX_PATH=${CMAKE_PREFIX_PATH}:/home/linux/ros2_humble/install/rqt_bag_plugins:/home/linux/ros2_humble/install/rqt_bag:/home/linux/ros2_humble/install/ros2bag:/home/linux/ros2_humble/install/tracetools_test:/home/linux/ros2_humble/install/tracetools_launch:/home/linux/ros2_humble/install/topic_monitor:/home/linux/ros2_humble/install/tf2_tools:/home/linux/ros2_humble/install/examples_tf2_py:/home/linux/ros2_humble/install/tf2_ros_py:/home/linux/ros2_humble/install/sros2:/home/linux/ros2_humble/install/rqt_topic:/home/linux/ros2_humble/install/rqt_srv:/home/linux/ros2_humble/install/rqt_shell:/home/linux/ros2_humble/install/rqt_service_caller:/home/linux/ros2_humble/install/rqt_reconfigure:/home/linux/ros2_humble/install/rqt_py_console:/home/linux/ros2_humble/install/rqt_publisher:/home/linux/ros2_humble/install/rqt_plot:/home/linux/ros2_humble/install/rqt_action:/home/linux/ros2_humble/install/rqt_msg:/home/linux/ros2_humble/install/rqt_console:/home/linux/ros2_humble/install/rqt:/home/linux/ros2_humble/install/rqt_graph:/home/linux/ros2_humble/install/rqt_gui_py:/home/linux/ros2_humble/install/rqt_gui:/home/linux/ros2_humble/install/ros2trace:/home/linux/ros2_humble/install/ros2topic:/home/linux/ros2_humble/install/ros2test:/home/linux/ros2_humble/install/ros2component:/home/linux/ros2_humble/install/ros2param:/home/linux/ros2_humble/install/ros2lifecycle:/home/linux/ros2_humble/install/ros2service:/home/linux/ros2_humble/install/ros2run:/home/linux/ros2_humble/install/ros2launch:/home/linux/ros2_humble/install/ros2pkg:/home/linux/ros2_humble/install/ros2node:/home/linux/ros2_humble/install/ros2multicast:/home/linux/ros2_humble/install/ros2interface:/home/linux/ros2_humble/install/ros2doctor:/home/linux/ros2_humble/install/ros2action:/home/linux/ros2_humble/install/ros2cli:/home/linux/ros2_humble/install/quality_of_service_demo_py:/home/linux/ros2_humble/install/lifecycle_py:/home/linux/ros2_humble/install/launch_testing_ros:/home/linux/ros2_humble/install/launch_ros:/home/linux/ros2_humble/install/examples_rclpy_pointcloud_publisher:/home/linux/ros2_humble/install/examples_rclpy_minimal_subscriber:/home/linux/ros2_humble/install/examples_rclpy_minimal_service:/home/linux/ros2_humble/install/examples_rclpy_minimal_publisher:/home/linux/ros2_humble/install/examples_rclpy_minimal_client:/home/linux/ros2_humble/install/examples_rclpy_minimal_action_server:/home/linux/ros2_humble/install/examples_rclpy_minimal_action_client:/home/linux/ros2_humble/install/examples_rclpy_guard_conditions:/home/linux/ros2_humble/install/examples_rclpy_executors:/home/linux/ros2_humble/install/demo_nodes_py:/home/linux/ros2_humble/install/action_tutorials_py:/home/linux/ros2_humble/install/ament_uncrustify:/home/linux/ros2_humble/install/tracetools_trace:/home/linux/ros2_humble/install/tracetools_read:/home/linux/ros2_humble/install/test_tracetools_launch:/home/linux/ros2_humble/install/test_launch_ros:/home/linux/ros2_humble/install/sensor_msgs_py:/home/linux/ros2_humble/install/rpyutils:/home/linux/ros2_humble/install/rosidl_runtime_py:/home/linux/ros2_humble/install/rosidl_cli:/home/linux/ros2_humble/install/launch_pytest:/home/linux/ros2_humble/install/launch_testing:/home/linux/ros2_humble/install/launch_yaml:/home/linux/ros2_humble/install/launch_xml:/home/linux/ros2_humble/install/launch:/home/linux/ros2_humble/install/osrf_pycommon:/home/linux/ros2_humble/install/launch_testing_examples:/home/linux/ros2_humble/install/domain_coordinator:/home/linux/ros2_humble/install/ament_xmllint:/home/linux/ros2_humble/install/ament_pyflakes:/home/linux/ros2_humble/install/ament_pycodestyle:/home/linux/ros2_humble/install/ament_pep257:/home/linux/ros2_humble/install/ament_pclint:/home/linux/ros2_humble/install/ament_package:/home/linux/ros2_humble/install/ament_mypy:/home/linux/ros2_humble/install/ament_lint_cmake:/home/linux/ros2_humble/install/ament_flake8:/home/linux/ros2_humble/install/ament_copyright:/home/linux/ros2_humble/install/ament_lint:/home/linux/ros2_humble/install/ament_index_python:/home/linux/ros2_humble/install/ament_cpplint:/home/linux/ros2_humble/install/ament_cppcheck:/home/linux/ros2_humble/install/ament_clang_tidy:/home/linux/ros2_humble/install/ament_clang_format:/opt/ros/humble /usr/bin/cmake --install /home/linux/ENPM808X/week12/ros2_ws/build/turtlebot3_gazebo
