[0.060s] Invoking command in '/home/linux/ENPM808X/week12/ros2_ws/build/turtlebot3_gazebo': CMAKE_PREFIX_PATH=${CMAKE_PREFIX_PATH}:/home/linux/ros2_humble/install/rqt_bag_plugins:/home/linux/ros2_humble/install/rqt_bag:/home/linux/ros2_humble/install/ros2bag:/home/linux/ros2_humble/install/tracetools_test:/home/linux/ros2_humble/install/tracetools_launch:/home/linux/ros2_humble/install/topic_monitor:/home/linux/ros2_humble/install/tf2_tools:/home/linux/ros2_humble/install/examples_tf2_py:/home/linux/ros2_humble/install/tf2_ros_py:/home/linux/ros2_humble/install/sros2:/home/linux/ros2_humble/install/rqt_topic:/home/linux/ros2_humble/install/rqt_srv:/home/linux/ros2_humble/install/rqt_shell:/home/linux/ros2_humble/install/rqt_service_caller:/home/linux/ros2_humble/install/rqt_reconfigure:/home/linux/ros2_humble/install/rqt_py_console:/home/linux/ros2_humble/install/rqt_publisher:/home/linux/ros2_humble/install/rqt_plot:/home/linux/ros2_humble/install/rqt_action:/home/linux/ros2_humble/install/rqt_msg:/home/linux/ros2_humble/install/rqt_console:/home/linux/ros2_humble/install/rqt:/home/linux/ros2_humble/install/rqt_graph:/home/linux/ros2_humble/install/rqt_gui_py:/home/linux/ros2_humble/install/rqt_gui:/home/linux/ros2_humble/install/ros2trace:/home/linux/ros2_humble/install/ros2topic:/home/linux/ros2_humble/install/ros2test:/home/linux/ros2_humble/install/ros2component:/home/linux/ros2_humble/install/ros2param:/home/linux/ros2_humble/install/ros2lifecycle:/home/linux/ros2_humble/install/ros2service:/home/linux/ros2_humble/install/ros2run:/home/linux/ros2_humble/install/ros2launch:/home/linux/ros2_humble/install/ros2pkg:/home/linux/ros2_humble/install/ros2node:/home/linux/ros2_humble/install/ros2multicast:/home/linux/ros2_humble/install/ros2interface:/home/linux/ros2_humble/install/ros2doctor:/home/linux/ros2_humble/install/ros2action:/home/linux/ros2_humble/install/ros2cli:/home/linux/ros2_humble/install/quality_of_service_demo_py:/home/linux/ros2_humble/install/lifecycle_py:/home/linux/ros2_humble/install/launch_testing_ros:/home/linux/ros2_humble/install/launch_ros:/home/linux/ros2_humble/install/examples_rclpy_pointcloud_publisher:/home/linux/ros2_humble/install/examples_rclpy_minimal_subscriber:/home/linux/ros2_humble/install/examples_rclpy_minimal_service:/home/linux/ros2_humble/install/examples_rclpy_minimal_publisher:/home/linux/ros2_humble/install/examples_rclpy_minimal_client:/home/linux/ros2_humble/install/examples_rclpy_minimal_action_server:/home/linux/ros2_humble/install/examples_rclpy_minimal_action_client:/home/linux/ros2_humble/install/examples_rclpy_guard_conditions:/home/linux/ros2_humble/install/examples_rclpy_executors:/home/linux/ros2_humble/install/demo_nodes_py:/home/linux/ros2_humble/install/action_tutorials_py:/home/linux/ros2_humble/install/ament_uncrustify:/home/linux/ros2_humble/install/tracetools_trace:/home/linux/ros2_humble/install/tracetools_read:/home/linux/ros2_humble/install/test_tracetools_launch:/home/linux/ros2_humble/install/test_launch_ros:/home/linux/ros2_humble/install/sensor_msgs_py:/home/linux/ros2_humble/install/rpyutils:/home/linux/ros2_humble/install/rosidl_runtime_py:/home/linux/ros2_humble/install/rosidl_cli:/home/linux/ros2_humble/install/launch_pytest:/home/linux/ros2_humble/install/launch_testing:/home/linux/ros2_humble/install/launch_yaml:/home/linux/ros2_humble/install/launch_xml:/home/linux/ros2_humble/install/launch:/home/linux/ros2_humble/install/osrf_pycommon:/home/linux/ros2_humble/install/launch_testing_examples:/home/linux/ros2_humble/install/domain_coordinator:/home/linux/ros2_humble/install/ament_xmllint:/home/linux/ros2_humble/install/ament_pyflakes:/home/linux/ros2_humble/install/ament_pycodestyle:/home/linux/ros2_humble/install/ament_pep257:/home/linux/ros2_humble/install/ament_pclint:/home/linux/ros2_humble/install/ament_package:/home/linux/ros2_humble/install/ament_mypy:/home/linux/ros2_humble/install/ament_lint_cmake:/home/linux/ros2_humble/install/ament_flake8:/home/linux/ros2_humble/install/ament_copyright:/home/linux/ros2_humble/install/ament_lint:/home/linux/ros2_humble/install/ament_index_python:/home/linux/ros2_humble/install/ament_cpplint:/home/linux/ros2_humble/install/ament_cppcheck:/home/linux/ros2_humble/install/ament_clang_tidy:/home/linux/ros2_humble/install/ament_clang_format:/opt/ros/humble /usr/bin/cmake --build /home/linux/ENPM808X/week12/ros2_ws/build/turtlebot3_gazebo -- -j4 -l4
[0.135s] -- Found ament_cmake: 1.3.2 (/home/linux/ros2_humble/install/ament_cmake/share/ament_cmake/cmake)
[0.709s] [33mCMake Warning (dev) at /usr/share/cmake-3.22/Modules/FindPackageHandleStandardArgs.cmake:438 (message):
[0.710s]   The package name passed to `find_package_handle_standard_args` (PkgConfig)
[0.710s]   does not match the name of the calling package (gazebo).  This can lead to
[0.710s]   problems in calling code that expects `find_package` result variables
[0.710s]   (e.g., `_FOUND`) to follow a certain pattern.
[0.710s] Call Stack (most recent call first):
[0.710s]   /usr/share/cmake-3.22/Modules/FindPkgConfig.cmake:99 (find_package_handle_standard_args)
[0.710s]   /usr/lib/x86_64-linux-gnu/cmake/gazebo/gazebo-config.cmake:72 (include)
[0.710s]   CMakeLists.txt:23 (find_package)
[0.711s] This warning is for project developers.  Use -Wno-dev to suppress it.
[0.711s] [0m
[0.755s] -- Found DART: /usr/include (Required is at least version "6.6") found components: dart 
[0.811s] -- Found Protobuf: /usr/lib/x86_64-linux-gnu/libprotobuf.so (found version "3.12.4") 
[0.813s] -- Looking for ignition-math6 -- found version 6.12.0
[0.822s] -- Searching for dependencies of ignition-math6
[0.824s] -- Looking for OGRE...
[0.835s] -- Found Ogre Ghadamon (1.9.0)
[0.836s] -- Found OGRE: optimized;/usr/lib/x86_64-linux-gnu/libOgreMain.so;debug;/usr/lib/x86_64-linux-gnu/libOgreMain.so
[0.846s] -- Looking for OGRE_Paging...
[0.846s] -- Found OGRE_Paging: optimized;/usr/lib/x86_64-linux-gnu/libOgrePaging.so;debug;/usr/lib/x86_64-linux-gnu/libOgrePaging.so
[0.846s] -- Looking for OGRE_Terrain...
[0.846s] -- Found OGRE_Terrain: optimized;/usr/lib/x86_64-linux-gnu/libOgreTerrain.so;debug;/usr/lib/x86_64-linux-gnu/libOgreTerrain.so
[0.846s] -- Looking for OGRE_Property...
[0.847s] -- Found OGRE_Property: optimized;/usr/lib/x86_64-linux-gnu/libOgreProperty.so;debug;/usr/lib/x86_64-linux-gnu/libOgreProperty.so
[0.847s] -- Looking for OGRE_RTShaderSystem...
[0.847s] -- Found OGRE_RTShaderSystem: optimized;/usr/lib/x86_64-linux-gnu/libOgreRTShaderSystem.so;debug;/usr/lib/x86_64-linux-gnu/libOgreRTShaderSystem.so
[0.847s] -- Looking for OGRE_Volume...
[0.847s] -- Found OGRE_Volume: optimized;/usr/lib/x86_64-linux-gnu/libOgreVolume.so;debug;/usr/lib/x86_64-linux-gnu/libOgreVolume.so
[0.847s] -- Looking for OGRE_Overlay...
[0.847s] -- Found OGRE_Overlay: optimized;/usr/lib/x86_64-linux-gnu/libOgreOverlay.so;debug;/usr/lib/x86_64-linux-gnu/libOgreOverlay.so
[2.089s] -- Looking for ignition-math6 -- found version 6.12.0
[2.090s] -- Looking for ignition-transport8 -- found version 8.2.1
[2.090s] -- Searching for dependencies of ignition-transport8
[2.154s] -- Found Protobuf: /usr/lib/x86_64-linux-gnu/libprotobuf.so (found suitable version "3.12.4", minimum required is "3") 
[2.209s] -- Config-file not installed for ZeroMQ -- checking for pkg-config
[2.219s] -- Checking for module 'libzmq >= 4'
[2.284s] --   Found libzmq , version 4.3.4
[2.404s] -- Checking for module 'uuid'
[2.464s] --   Found uuid, version 2.37.2
[2.565s] -- Looking for ignition-msgs5 -- found version 5.8.1
[2.566s] -- Searching for dependencies of ignition-msgs5
[2.628s] -- Looking for ignition-math6 -- found version 6.12.0
[2.642s] -- Checking for module 'tinyxml2'
[2.701s] --   Found tinyxml2, version 9.0.0
[2.802s] -- Looking for ignition-msgs5 -- found version 5.8.1
[2.803s] -- Looking for ignition-common3 -- found version 3.14.0
[2.804s] -- Searching for dependencies of ignition-common3
[2.804s] -- Looking for dlfcn.h - found
[2.804s] -- Looking for libdl - found
[2.829s] -- Searching for <ignition-common3> component [graphics]
[2.833s] -- Looking for ignition-common3-graphics -- found version 3.14.0
[2.834s] -- Searching for dependencies of ignition-common3-graphics
[2.835s] -- Looking for ignition-math6 -- found version 6.12.0
[2.837s] -- Looking for ignition-fuel_tools4 -- found version 4.4.0
[2.837s] -- Searching for dependencies of ignition-fuel_tools4
[2.968s] -- Checking for module 'jsoncpp'
[3.024s] --   Found jsoncpp, version 1.9.5
[3.138s] -- Checking for module 'libzip'
[3.194s] --   Found libzip, version 1.7.3
[3.290s] -- Looking for ignition-common3 -- found version 3.14.0
[3.291s] -- Looking for ignition-math6 -- found version 6.12.0
[3.291s] -- Looking for ignition-msgs5 -- found version 5.8.1
[3.299s] -- Found gazebo_ros_pkgs: 3.7.0 (/opt/ros/humble/share/gazebo_ros_pkgs/cmake)
[3.299s] -- Found geometry_msgs: 4.2.2 (/home/linux/ros2_humble/install/geometry_msgs/share/geometry_msgs/cmake)
[3.328s] -- Found rosidl_generator_c: 3.1.3 (/home/linux/ros2_humble/install/rosidl_generator_c/share/rosidl_generator_c/cmake)
[3.332s] -- Found rosidl_adapter: 3.1.3 (/home/linux/ros2_humble/install/rosidl_adapter/share/rosidl_adapter/cmake)
[3.339s] -- Found rosidl_generator_cpp: 3.1.3 (/home/linux/ros2_humble/install/rosidl_generator_cpp/share/rosidl_generator_cpp/cmake)
[3.383s] -- Using all available rosidl_typesupport_c: rosidl_typesupport_introspection_c;rosidl_typesupport_fastrtps_c
[3.433s] -- Using all available rosidl_typesupport_cpp: rosidl_typesupport_introspection_cpp;rosidl_typesupport_fastrtps_cpp
[3.609s] -- Found nav_msgs: 4.2.2 (/home/linux/ros2_humble/install/nav_msgs/share/nav_msgs/cmake)
[3.723s] -- Found rclcpp: 16.0.1 (/home/linux/ros2_humble/install/rclcpp/share/rclcpp/cmake)
[3.782s] -- Found rmw_implementation_cmake: 6.1.0 (/home/linux/ros2_humble/install/rmw_implementation_cmake/share/rmw_implementation_cmake/cmake)
[3.817s] -- Found rmw_fastrtps_cpp: 6.2.1 (/home/linux/ros2_humble/install/rmw_fastrtps_cpp/share/rmw_fastrtps_cpp/cmake)
[4.171s] -- Using RMW implementation 'rmw_fastrtps_cpp' as default
[4.337s] -- Found sensor_msgs: 4.2.2 (/home/linux/ros2_humble/install/sensor_msgs/share/sensor_msgs/cmake)
[4.445s] -- Found tf2: 0.25.1 (/home/linux/ros2_humble/install/tf2/share/tf2/cmake)
[4.761s] -- Configuring done
[4.822s] -- Generating done
[4.827s] -- Build files have been written to: /home/linux/ENPM808X/week12/ros2_ws/build/turtlebot3_gazebo
[4.917s] [35m[1mConsolidate compiler generated dependencies of target turtlebot3_drive[0m
[4.920s] [35m[1mConsolidate compiler generated dependencies of target obstacle1[0m
[4.920s] [35m[1mConsolidate compiler generated dependencies of target obstacles[0m
[4.924s] [35m[1mConsolidate compiler generated dependencies of target obstacle2[0m
[5.011s] [ 25%] Built target turtlebot3_drive
[5.054s] [ 50%] Built target obstacle1
[5.055s] [ 75%] Built target obstacles
[5.078s] [100%] Built target obstacle2
[5.102s] Invoked command in '/home/linux/ENPM808X/week12/ros2_ws/build/turtlebot3_gazebo' returned '0': CMAKE_PREFIX_PATH=${CMAKE_PREFIX_PATH}:/home/linux/ros2_humble/install/rqt_bag_plugins:/home/linux/ros2_humble/install/rqt_bag:/home/linux/ros2_humble/install/ros2bag:/home/linux/ros2_humble/install/tracetools_test:/home/linux/ros2_humble/install/tracetools_launch:/home/linux/ros2_humble/install/topic_monitor:/home/linux/ros2_humble/install/tf2_tools:/home/linux/ros2_humble/install/examples_tf2_py:/home/linux/ros2_humble/install/tf2_ros_py:/home/linux/ros2_humble/install/sros2:/home/linux/ros2_humble/install/rqt_topic:/home/linux/ros2_humble/install/rqt_srv:/home/linux/ros2_humble/install/rqt_shell:/home/linux/ros2_humble/install/rqt_service_caller:/home/linux/ros2_humble/install/rqt_reconfigure:/home/linux/ros2_humble/install/rqt_py_console:/home/linux/ros2_humble/install/rqt_publisher:/home/linux/ros2_humble/install/rqt_plot:/home/linux/ros2_humble/install/rqt_action:/home/linux/ros2_humble/install/rqt_msg:/home/linux/ros2_humble/install/rqt_console:/home/linux/ros2_humble/install/rqt:/home/linux/ros2_humble/install/rqt_graph:/home/linux/ros2_humble/install/rqt_gui_py:/home/linux/ros2_humble/install/rqt_gui:/home/linux/ros2_humble/install/ros2trace:/home/linux/ros2_humble/install/ros2topic:/home/linux/ros2_humble/install/ros2test:/home/linux/ros2_humble/install/ros2component:/home/linux/ros2_humble/install/ros2param:/home/linux/ros2_humble/install/ros2lifecycle:/home/linux/ros2_humble/install/ros2service:/home/linux/ros2_humble/install/ros2run:/home/linux/ros2_humble/install/ros2launch:/home/linux/ros2_humble/install/ros2pkg:/home/linux/ros2_humble/install/ros2node:/home/linux/ros2_humble/install/ros2multicast:/home/linux/ros2_humble/install/ros2interface:/home/linux/ros2_humble/install/ros2doctor:/home/linux/ros2_humble/install/ros2action:/home/linux/ros2_humble/install/ros2cli:/home/linux/ros2_humble/install/quality_of_service_demo_py:/home/linux/ros2_humble/install/lifecycle_py:/home/linux/ros2_humble/install/launch_testing_ros:/home/linux/ros2_humble/install/launch_ros:/home/linux/ros2_humble/install/examples_rclpy_pointcloud_publisher:/home/linux/ros2_humble/install/examples_rclpy_minimal_subscriber:/home/linux/ros2_humble/install/examples_rclpy_minimal_service:/home/linux/ros2_humble/install/examples_rclpy_minimal_publisher:/home/linux/ros2_humble/install/examples_rclpy_minimal_client:/home/linux/ros2_humble/install/examples_rclpy_minimal_action_server:/home/linux/ros2_humble/install/examples_rclpy_minimal_action_client:/home/linux/ros2_humble/install/examples_rclpy_guard_conditions:/home/linux/ros2_humble/install/examples_rclpy_executors:/home/linux/ros2_humble/install/demo_nodes_py:/home/linux/ros2_humble/install/action_tutorials_py:/home/linux/ros2_humble/install/ament_uncrustify:/home/linux/ros2_humble/install/tracetools_trace:/home/linux/ros2_humble/install/tracetools_read:/home/linux/ros2_humble/install/test_tracetools_launch:/home/linux/ros2_humble/install/test_launch_ros:/home/linux/ros2_humble/install/sensor_msgs_py:/home/linux/ros2_humble/install/rpyutils:/home/linux/ros2_humble/install/rosidl_runtime_py:/home/linux/ros2_humble/install/rosidl_cli:/home/linux/ros2_humble/install/launch_pytest:/home/linux/ros2_humble/install/launch_testing:/home/linux/ros2_humble/install/launch_yaml:/home/linux/ros2_humble/install/launch_xml:/home/linux/ros2_humble/install/launch:/home/linux/ros2_humble/install/osrf_pycommon:/home/linux/ros2_humble/install/launch_testing_examples:/home/linux/ros2_humble/install/domain_coordinator:/home/linux/ros2_humble/install/ament_xmllint:/home/linux/ros2_humble/install/ament_pyflakes:/home/linux/ros2_humble/install/ament_pycodestyle:/home/linux/ros2_humble/install/ament_pep257:/home/linux/ros2_humble/install/ament_pclint:/home/linux/ros2_humble/install/ament_package:/home/linux/ros2_humble/install/ament_mypy:/home/linux/ros2_humble/install/ament_lint_cmake:/home/linux/ros2_humble/install/ament_flake8:/home/linux/ros2_humble/install/ament_copyright:/home/linux/ros2_humble/install/ament_lint:/home/linux/ros2_humble/install/ament_index_python:/home/linux/ros2_humble/install/ament_cpplint:/home/linux/ros2_humble/install/ament_cppcheck:/home/linux/ros2_humble/install/ament_clang_tidy:/home/linux/ros2_humble/install/ament_clang_format:/opt/ros/humble /usr/bin/cmake --build /home/linux/ENPM808X/week12/ros2_ws/build/turtlebot3_gazebo -- -j4 -l4
[5.281s] Invoking command in '/home/linux/ENPM808X/week12/ros2_ws/build/turtlebot3_gazebo': CMAKE_PREFIX_PATH=${CMAKE_PREFIX_PATH}:/home/linux/ros2_humble/install/rqt_bag_plugins:/home/linux/ros2_humble/install/rqt_bag:/home/linux/ros2_humble/install/ros2bag:/home/linux/ros2_humble/install/tracetools_test:/home/linux/ros2_humble/install/tracetools_launch:/home/linux/ros2_humble/install/topic_monitor:/home/linux/ros2_humble/install/tf2_tools:/home/linux/ros2_humble/install/examples_tf2_py:/home/linux/ros2_humble/install/tf2_ros_py:/home/linux/ros2_humble/install/sros2:/home/linux/ros2_humble/install/rqt_topic:/home/linux/ros2_humble/install/rqt_srv:/home/linux/ros2_humble/install/rqt_shell:/home/linux/ros2_humble/install/rqt_service_caller:/home/linux/ros2_humble/install/rqt_reconfigure:/home/linux/ros2_humble/install/rqt_py_console:/home/linux/ros2_humble/install/rqt_publisher:/home/linux/ros2_humble/install/rqt_plot:/home/linux/ros2_humble/install/rqt_action:/home/linux/ros2_humble/install/rqt_msg:/home/linux/ros2_humble/install/rqt_console:/home/linux/ros2_humble/install/rqt:/home/linux/ros2_humble/install/rqt_graph:/home/linux/ros2_humble/install/rqt_gui_py:/home/linux/ros2_humble/install/rqt_gui:/home/linux/ros2_humble/install/ros2trace:/home/linux/ros2_humble/install/ros2topic:/home/linux/ros2_humble/install/ros2test:/home/linux/ros2_humble/install/ros2component:/home/linux/ros2_humble/install/ros2param:/home/linux/ros2_humble/install/ros2lifecycle:/home/linux/ros2_humble/install/ros2service:/home/linux/ros2_humble/install/ros2run:/home/linux/ros2_humble/install/ros2launch:/home/linux/ros2_humble/install/ros2pkg:/home/linux/ros2_humble/install/ros2node:/home/linux/ros2_humble/install/ros2multicast:/home/linux/ros2_humble/install/ros2interface:/home/linux/ros2_humble/install/ros2doctor:/home/linux/ros2_humble/install/ros2action:/home/linux/ros2_humble/install/ros2cli:/home/linux/ros2_humble/install/quality_of_service_demo_py:/home/linux/ros2_humble/install/lifecycle_py:/home/linux/ros2_humble/install/launch_testing_ros:/home/linux/ros2_humble/install/launch_ros:/home/linux/ros2_humble/install/examples_rclpy_pointcloud_publisher:/home/linux/ros2_humble/install/examples_rclpy_minimal_subscriber:/home/linux/ros2_humble/install/examples_rclpy_minimal_service:/home/linux/ros2_humble/install/examples_rclpy_minimal_publisher:/home/linux/ros2_humble/install/examples_rclpy_minimal_client:/home/linux/ros2_humble/install/examples_rclpy_minimal_action_server:/home/linux/ros2_humble/install/examples_rclpy_minimal_action_client:/home/linux/ros2_humble/install/examples_rclpy_guard_conditions:/home/linux/ros2_humble/install/examples_rclpy_executors:/home/linux/ros2_humble/install/demo_nodes_py:/home/linux/ros2_humble/install/action_tutorials_py:/home/linux/ros2_humble/install/ament_uncrustify:/home/linux/ros2_humble/install/tracetools_trace:/home/linux/ros2_humble/install/tracetools_read:/home/linux/ros2_humble/install/test_tracetools_launch:/home/linux/ros2_humble/install/test_launch_ros:/home/linux/ros2_humble/install/sensor_msgs_py:/home/linux/ros2_humble/install/rpyutils:/home/linux/ros2_humble/install/rosidl_runtime_py:/home/linux/ros2_humble/install/rosidl_cli:/home/linux/ros2_humble/install/launch_pytest:/home/linux/ros2_humble/install/launch_testing:/home/linux/ros2_humble/install/launch_yaml:/home/linux/ros2_humble/install/launch_xml:/home/linux/ros2_humble/install/launch:/home/linux/ros2_humble/install/osrf_pycommon:/home/linux/ros2_humble/install/launch_testing_examples:/home/linux/ros2_humble/install/domain_coordinator:/home/linux/ros2_humble/install/ament_xmllint:/home/linux/ros2_humble/install/ament_pyflakes:/home/linux/ros2_humble/install/ament_pycodestyle:/home/linux/ros2_humble/install/ament_pep257:/home/linux/ros2_humble/install/ament_pclint:/home/linux/ros2_humble/install/ament_package:/home/linux/ros2_humble/install/ament_mypy:/home/linux/ros2_humble/install/ament_lint_cmake:/home/linux/ros2_humble/install/ament_flake8:/home/linux/ros2_humble/install/ament_copyright:/home/linux/ros2_humble/install/ament_lint:/home/linux/ros2_humble/install/ament_index_python:/home/linux/ros2_humble/install/ament_cpplint:/home/linux/ros2_humble/install/ament_cppcheck:/home/linux/ros2_humble/install/ament_clang_tidy:/home/linux/ros2_humble/install/ament_clang_format:/opt/ros/humble /usr/bin/cmake --install /home/linux/ENPM808X/week12/ros2_ws/build/turtlebot3_gazebo
[5.301s] -- Install configuration: ""
[5.301s] -- Up-to-date: /home/linux/ENPM808X/week12/ros2_ws/install/turtlebot3_gazebo/lib/turtlebot3_gazebo/turtlebot3_drive
[5.302s] -- Up-to-date: /home/linux/ENPM808X/week12/ros2_ws/install/turtlebot3_gazebo/share/turtlebot3_gazebo//launch
[5.302s] -- Up-to-date: /home/linux/ENPM808X/week12/ros2_ws/install/turtlebot3_gazebo/share/turtlebot3_gazebo//launch/__pycache__
[5.302s] -- Installing: /home/linux/ENPM808X/week12/ros2_ws/install/turtlebot3_gazebo/share/turtlebot3_gazebo//launch/__pycache__/other.launch.cpython-310.pyc
[5.302s] -- Up-to-date: /home/linux/ENPM808X/week12/ros2_ws/install/turtlebot3_gazebo/share/turtlebot3_gazebo//launch/__pycache__/old_turtlebot3_world.launch.cpython-310.pyc
[5.303s] -- Up-to-date: /home/linux/ENPM808X/week12/ros2_ws/install/turtlebot3_gazebo/share/turtlebot3_gazebo//launch/__pycache__/turtlebot3_world.launch.cpython-310.pyc
[5.303s] -- Up-to-date: /home/linux/ENPM808X/week12/ros2_ws/install/turtlebot3_gazebo/share/turtlebot3_gazebo//launch/turtlebot3_world.launch.py
[5.303s] -- Up-to-date: /home/linux/ENPM808X/week12/ros2_ws/install/turtlebot3_gazebo/share/turtlebot3_gazebo//launch/record_turtlebot3_world.launch.py
[5.303s] -- Up-to-date: /home/linux/ENPM808X/week12/ros2_ws/install/turtlebot3_gazebo/share/turtlebot3_gazebo//launch/old2_turtlebot3_world.launch.py
[5.304s] -- Up-to-date: /home/linux/ENPM808X/week12/ros2_ws/install/turtlebot3_gazebo/share/turtlebot3_gazebo//models
[5.304s] -- Up-to-date: /home/linux/ENPM808X/week12/ros2_ws/install/turtlebot3_gazebo/share/turtlebot3_gazebo//models/turtlebot3_dqn_world
[5.304s] -- Up-to-date: /home/linux/ENPM808X/week12/ros2_ws/install/turtlebot3_gazebo/share/turtlebot3_gazebo//models/turtlebot3_dqn_world/obstacle_plugin
[5.304s] -- Up-to-date: /home/linux/ENPM808X/week12/ros2_ws/install/turtlebot3_gazebo/share/turtlebot3_gazebo//models/turtlebot3_dqn_world/obstacle_plugin/obstacle2.cc
[5.304s] -- Up-to-date: /home/linux/ENPM808X/week12/ros2_ws/install/turtlebot3_gazebo/share/turtlebot3_gazebo//models/turtlebot3_dqn_world/obstacle_plugin/CMakeLists.txt
[5.304s] -- Up-to-date: /home/linux/ENPM808X/week12/ros2_ws/install/turtlebot3_gazebo/share/turtlebot3_gazebo//models/turtlebot3_dqn_world/obstacle_plugin/obstacles.cc
[5.305s] -- Up-to-date: /home/linux/ENPM808X/week12/ros2_ws/install/turtlebot3_gazebo/share/turtlebot3_gazebo//models/turtlebot3_dqn_world/obstacle_plugin/obstacle1.cc
[5.305s] -- Up-to-date: /home/linux/ENPM808X/week12/ros2_ws/install/turtlebot3_gazebo/share/turtlebot3_gazebo//models/turtlebot3_dqn_world/inner_walls
[5.305s] -- Up-to-date: /home/linux/ENPM808X/week12/ros2_ws/install/turtlebot3_gazebo/share/turtlebot3_gazebo//models/turtlebot3_dqn_world/inner_walls/model.sdf
[5.305s] -- Up-to-date: /home/linux/ENPM808X/week12/ros2_ws/install/turtlebot3_gazebo/share/turtlebot3_gazebo//models/turtlebot3_dqn_world/inner_walls/model.config
[5.305s] -- Up-to-date: /home/linux/ENPM808X/week12/ros2_ws/install/turtlebot3_gazebo/share/turtlebot3_gazebo//models/turtlebot3_dqn_world/obstacle1
[5.305s] -- Up-to-date: /home/linux/ENPM808X/week12/ros2_ws/install/turtlebot3_gazebo/share/turtlebot3_gazebo//models/turtlebot3_dqn_world/obstacle1/model.sdf
[5.306s] -- Up-to-date: /home/linux/ENPM808X/week12/ros2_ws/install/turtlebot3_gazebo/share/turtlebot3_gazebo//models/turtlebot3_dqn_world/obstacle1/model.config
[5.306s] -- Up-to-date: /home/linux/ENPM808X/week12/ros2_ws/install/turtlebot3_gazebo/share/turtlebot3_gazebo//models/turtlebot3_dqn_world/goal_box
[5.306s] -- Up-to-date: /home/linux/ENPM808X/week12/ros2_ws/install/turtlebot3_gazebo/share/turtlebot3_gazebo//models/turtlebot3_dqn_world/goal_box/model.sdf
[5.306s] -- Up-to-date: /home/linux/ENPM808X/week12/ros2_ws/install/turtlebot3_gazebo/share/turtlebot3_gazebo//models/turtlebot3_dqn_world/goal_box/model.config
[5.307s] -- Up-to-date: /home/linux/ENPM808X/week12/ros2_ws/install/turtlebot3_gazebo/share/turtlebot3_gazebo//models/turtlebot3_dqn_world/obstacles
[5.307s] -- Up-to-date: /home/linux/ENPM808X/week12/ros2_ws/install/turtlebot3_gazebo/share/turtlebot3_gazebo//models/turtlebot3_dqn_world/obstacles/model.sdf
[5.307s] -- Up-to-date: /home/linux/ENPM808X/week12/ros2_ws/install/turtlebot3_gazebo/share/turtlebot3_gazebo//models/turtlebot3_dqn_world/obstacles/model.config
[5.307s] -- Up-to-date: /home/linux/ENPM808X/week12/ros2_ws/install/turtlebot3_gazebo/share/turtlebot3_gazebo//models/turtlebot3_dqn_world/model.sdf
[5.307s] -- Up-to-date: /home/linux/ENPM808X/week12/ros2_ws/install/turtlebot3_gazebo/share/turtlebot3_gazebo//models/turtlebot3_dqn_world/obstacle2
[5.307s] -- Up-to-date: /home/linux/ENPM808X/week12/ros2_ws/install/turtlebot3_gazebo/share/turtlebot3_gazebo//models/turtlebot3_dqn_world/obstacle2/model.sdf
[5.308s] -- Up-to-date: /home/linux/ENPM808X/week12/ros2_ws/install/turtlebot3_gazebo/share/turtlebot3_gazebo//models/turtlebot3_dqn_world/obstacle2/model.config
[5.308s] -- Up-to-date: /home/linux/ENPM808X/week12/ros2_ws/install/turtlebot3_gazebo/share/turtlebot3_gazebo//models/turtlebot3_dqn_world/model.config
[5.308s] -- Up-to-date: /home/linux/ENPM808X/week12/ros2_ws/install/turtlebot3_gazebo/share/turtlebot3_gazebo//models/turtlebot3_house
[5.308s] -- Up-to-date: /home/linux/ENPM808X/week12/ros2_ws/install/turtlebot3_gazebo/share/turtlebot3_gazebo//models/turtlebot3_house/model.sdf
[5.308s] -- Up-to-date: /home/linux/ENPM808X/week12/ros2_ws/install/turtlebot3_gazebo/share/turtlebot3_gazebo//models/turtlebot3_house/model.config
[5.308s] -- Up-to-date: /home/linux/ENPM808X/week12/ros2_ws/install/turtlebot3_gazebo/share/turtlebot3_gazebo//models/turtlebot3_burger
[5.309s] -- Up-to-date: /home/linux/ENPM808X/week12/ros2_ws/install/turtlebot3_gazebo/share/turtlebot3_gazebo//models/turtlebot3_burger/model-1_4.sdf
[5.309s] -- Up-to-date: /home/linux/ENPM808X/week12/ros2_ws/install/turtlebot3_gazebo/share/turtlebot3_gazebo//models/turtlebot3_burger/model.sdf
[5.309s] -- Up-to-date: /home/linux/ENPM808X/week12/ros2_ws/install/turtlebot3_gazebo/share/turtlebot3_gazebo//models/turtlebot3_burger/model.config
[5.309s] -- Up-to-date: /home/linux/ENPM808X/week12/ros2_ws/install/turtlebot3_gazebo/share/turtlebot3_gazebo//models/turtlebot3_waffle_pi
[5.309s] -- Up-to-date: /home/linux/ENPM808X/week12/ros2_ws/install/turtlebot3_gazebo/share/turtlebot3_gazebo//models/turtlebot3_waffle_pi/model-1_4_.sdf
[5.309s] -- Up-to-date: /home/linux/ENPM808X/week12/ros2_ws/install/turtlebot3_gazebo/share/turtlebot3_gazebo//models/turtlebot3_waffle_pi/model.sdf
[5.309s] -- Up-to-date: /home/linux/ENPM808X/week12/ros2_ws/install/turtlebot3_gazebo/share/turtlebot3_gazebo//models/turtlebot3_waffle_pi/model.config
[5.310s] -- Up-to-date: /home/linux/ENPM808X/week12/ros2_ws/install/turtlebot3_gazebo/share/turtlebot3_gazebo//models/turtlebot3_world
[5.310s] -- Up-to-date: /home/linux/ENPM808X/week12/ros2_ws/install/turtlebot3_gazebo/share/turtlebot3_gazebo//models/turtlebot3_world/model-1_4.sdf
[5.310s] -- Up-to-date: /home/linux/ENPM808X/week12/ros2_ws/install/turtlebot3_gazebo/share/turtlebot3_gazebo//models/turtlebot3_world/meshes
[5.312s] -- Up-to-date: /home/linux/ENPM808X/week12/ros2_ws/install/turtlebot3_gazebo/share/turtlebot3_gazebo//models/turtlebot3_world/meshes/wall.dae
[5.312s] -- Up-to-date: /home/linux/ENPM808X/week12/ros2_ws/install/turtlebot3_gazebo/share/turtlebot3_gazebo//models/turtlebot3_world/meshes/hexagon.dae
[5.312s] -- Up-to-date: /home/linux/ENPM808X/week12/ros2_ws/install/turtlebot3_gazebo/share/turtlebot3_gazebo//models/turtlebot3_world/model.sdf
[5.317s] -- Up-to-date: /home/linux/ENPM808X/week12/ros2_ws/install/turtlebot3_gazebo/share/turtlebot3_gazebo//models/turtlebot3_world/model.config
[5.319s] -- Up-to-date: /home/linux/ENPM808X/week12/ros2_ws/install/turtlebot3_gazebo/share/turtlebot3_gazebo//models/turtlebot3_common
[5.319s] -- Up-to-date: /home/linux/ENPM808X/week12/ros2_ws/install/turtlebot3_gazebo/share/turtlebot3_gazebo//models/turtlebot3_common/meshes
[5.319s] -- Up-to-date: /home/linux/ENPM808X/week12/ros2_ws/install/turtlebot3_gazebo/share/turtlebot3_gazebo//models/turtlebot3_common/meshes/lds.dae
[5.320s] -- Up-to-date: /home/linux/ENPM808X/week12/ros2_ws/install/turtlebot3_gazebo/share/turtlebot3_gazebo//models/turtlebot3_common/meshes/burger_base.dae
[5.320s] -- Up-to-date: /home/linux/ENPM808X/week12/ros2_ws/install/turtlebot3_gazebo/share/turtlebot3_gazebo//models/turtlebot3_common/meshes/waffle_pi_base.dae
[5.320s] -- Up-to-date: /home/linux/ENPM808X/week12/ros2_ws/install/turtlebot3_gazebo/share/turtlebot3_gazebo//models/turtlebot3_common/meshes/r200.dae
[5.320s] -- Up-to-date: /home/linux/ENPM808X/week12/ros2_ws/install/turtlebot3_gazebo/share/turtlebot3_gazebo//models/turtlebot3_common/meshes/waffle_base.dae
[5.321s] -- Up-to-date: /home/linux/ENPM808X/week12/ros2_ws/install/turtlebot3_gazebo/share/turtlebot3_gazebo//models/turtlebot3_common/meshes/tire.dae
[5.321s] -- Up-to-date: /home/linux/ENPM808X/week12/ros2_ws/install/turtlebot3_gazebo/share/turtlebot3_gazebo//models/turtlebot3_common/model.config
[5.321s] -- Up-to-date: /home/linux/ENPM808X/week12/ros2_ws/install/turtlebot3_gazebo/share/turtlebot3_gazebo//models/turtlebot3_waffle
[5.321s] -- Up-to-date: /home/linux/ENPM808X/week12/ros2_ws/install/turtlebot3_gazebo/share/turtlebot3_gazebo//models/turtlebot3_waffle/model-1_4.sdf
[5.321s] -- Up-to-date: /home/linux/ENPM808X/week12/ros2_ws/install/turtlebot3_gazebo/share/turtlebot3_gazebo//models/turtlebot3_waffle/model.sdf
[5.322s] -- Up-to-date: /home/linux/ENPM808X/week12/ros2_ws/install/turtlebot3_gazebo/share/turtlebot3_gazebo//models/turtlebot3_waffle/model.config
[5.322s] -- Up-to-date: /home/linux/ENPM808X/week12/ros2_ws/install/turtlebot3_gazebo/share/turtlebot3_gazebo//rviz
[5.322s] -- Up-to-date: /home/linux/ENPM808X/week12/ros2_ws/install/turtlebot3_gazebo/share/turtlebot3_gazebo//rviz/tb3_gazebo.rviz
[5.322s] -- Up-to-date: /home/linux/ENPM808X/week12/ros2_ws/install/turtlebot3_gazebo/share/turtlebot3_gazebo//urdf
[5.323s] -- Up-to-date: /home/linux/ENPM808X/week12/ros2_ws/install/turtlebot3_gazebo/share/turtlebot3_gazebo//urdf/turtlebot3_waffle.urdf
[5.323s] -- Up-to-date: /home/linux/ENPM808X/week12/ros2_ws/install/turtlebot3_gazebo/share/turtlebot3_gazebo//urdf/common_properties.urdf
[5.323s] -- Up-to-date: /home/linux/ENPM808X/week12/ros2_ws/install/turtlebot3_gazebo/share/turtlebot3_gazebo//urdf/turtlebot3_waffle_pi.urdf
[5.323s] -- Up-to-date: /home/linux/ENPM808X/week12/ros2_ws/install/turtlebot3_gazebo/share/turtlebot3_gazebo//urdf/turtlebot3_burger.urdf
[5.324s] -- Up-to-date: /home/linux/ENPM808X/week12/ros2_ws/install/turtlebot3_gazebo/share/turtlebot3_gazebo//worlds
[5.324s] -- Up-to-date: /home/linux/ENPM808X/week12/ros2_ws/install/turtlebot3_gazebo/share/turtlebot3_gazebo//worlds/turtlebot3_house.world
[5.324s] -- Up-to-date: /home/linux/ENPM808X/week12/ros2_ws/install/turtlebot3_gazebo/share/turtlebot3_gazebo//worlds/turtlebot3_dqn_stage2.world
[5.324s] -- Up-to-date: /home/linux/ENPM808X/week12/ros2_ws/install/turtlebot3_gazebo/share/turtlebot3_gazebo//worlds/turtlebot3_world.world
[5.325s] -- Up-to-date: /home/linux/ENPM808X/week12/ros2_ws/install/turtlebot3_gazebo/share/turtlebot3_gazebo//worlds/turtlebot3_dqn_stage1.world
[5.325s] -- Up-to-date: /home/linux/ENPM808X/week12/ros2_ws/install/turtlebot3_gazebo/share/turtlebot3_gazebo//worlds/turtlebot3_dqn_stage3.world
[5.325s] -- Up-to-date: /home/linux/ENPM808X/week12/ros2_ws/install/turtlebot3_gazebo/share/turtlebot3_gazebo//worlds/turtlebot3_dqn_stage4.world
[5.325s] -- Up-to-date: /home/linux/ENPM808X/week12/ros2_ws/install/turtlebot3_gazebo/share/turtlebot3_gazebo//worlds/empty_world.world
[5.326s] -- Up-to-date: /home/linux/ENPM808X/week12/ros2_ws/install/turtlebot3_gazebo/include/
[5.326s] -- Up-to-date: /home/linux/ENPM808X/week12/ros2_ws/install/turtlebot3_gazebo/include//turtlebot3_gazebo
[5.326s] -- Up-to-date: /home/linux/ENPM808X/week12/ros2_ws/install/turtlebot3_gazebo/share/ament_index/resource_index/package_run_dependencies/turtlebot3_gazebo
[5.326s] -- Up-to-date: /home/linux/ENPM808X/week12/ros2_ws/install/turtlebot3_gazebo/share/ament_index/resource_index/parent_prefix_path/turtlebot3_gazebo
[5.327s] -- Installing: /home/linux/ENPM808X/week12/ros2_ws/install/turtlebot3_gazebo/share/turtlebot3_gazebo/environment/ament_prefix_path.dsv
[5.327s] -- Installing: /home/linux/ENPM808X/week12/ros2_ws/install/turtlebot3_gazebo/share/turtlebot3_gazebo/environment/path.dsv
[5.327s] -- Up-to-date: /home/linux/ENPM808X/week12/ros2_ws/install/turtlebot3_gazebo/share/turtlebot3_gazebo/local_setup.bash
[5.327s] -- Up-to-date: /home/linux/ENPM808X/week12/ros2_ws/install/turtlebot3_gazebo/share/turtlebot3_gazebo/local_setup.sh
[5.328s] -- Up-to-date: /home/linux/ENPM808X/week12/ros2_ws/install/turtlebot3_gazebo/share/turtlebot3_gazebo/local_setup.zsh
[5.328s] -- Installing: /home/linux/ENPM808X/week12/ros2_ws/install/turtlebot3_gazebo/share/turtlebot3_gazebo/local_setup.dsv
[5.328s] -- Installing: /home/linux/ENPM808X/week12/ros2_ws/install/turtlebot3_gazebo/share/turtlebot3_gazebo/package.dsv
[5.328s] -- Up-to-date: /home/linux/ENPM808X/week12/ros2_ws/install/turtlebot3_gazebo/share/ament_index/resource_index/packages/turtlebot3_gazebo
[5.329s] -- Up-to-date: /home/linux/ENPM808X/week12/ros2_ws/install/turtlebot3_gazebo/share/turtlebot3_gazebo/cmake/ament_cmake_export_include_directories-extras.cmake
[5.329s] -- Up-to-date: /home/linux/ENPM808X/week12/ros2_ws/install/turtlebot3_gazebo/share/turtlebot3_gazebo/cmake/ament_cmake_export_dependencies-extras.cmake
[5.329s] -- Up-to-date: /home/linux/ENPM808X/week12/ros2_ws/install/turtlebot3_gazebo/share/turtlebot3_gazebo/cmake/turtlebot3_gazeboConfig.cmake
[5.330s] -- Up-to-date: /home/linux/ENPM808X/week12/ros2_ws/install/turtlebot3_gazebo/share/turtlebot3_gazebo/cmake/turtlebot3_gazeboConfig-version.cmake
[5.330s] -- Installing: /home/linux/ENPM808X/week12/ros2_ws/install/turtlebot3_gazebo/share/turtlebot3_gazebo/package.xml
[5.331s] Invoked command in '/home/linux/ENPM808X/week12/ros2_ws/build/turtlebot3_gazebo' returned '0': CMAKE_PREFIX_PATH=${CMAKE_PREFIX_PATH}:/home/linux/ros2_humble/install/rqt_bag_plugins:/home/linux/ros2_humble/install/rqt_bag:/home/linux/ros2_humble/install/ros2bag:/home/linux/ros2_humble/install/tracetools_test:/home/linux/ros2_humble/install/tracetools_launch:/home/linux/ros2_humble/install/topic_monitor:/home/linux/ros2_humble/install/tf2_tools:/home/linux/ros2_humble/install/examples_tf2_py:/home/linux/ros2_humble/install/tf2_ros_py:/home/linux/ros2_humble/install/sros2:/home/linux/ros2_humble/install/rqt_topic:/home/linux/ros2_humble/install/rqt_srv:/home/linux/ros2_humble/install/rqt_shell:/home/linux/ros2_humble/install/rqt_service_caller:/home/linux/ros2_humble/install/rqt_reconfigure:/home/linux/ros2_humble/install/rqt_py_console:/home/linux/ros2_humble/install/rqt_publisher:/home/linux/ros2_humble/install/rqt_plot:/home/linux/ros2_humble/install/rqt_action:/home/linux/ros2_humble/install/rqt_msg:/home/linux/ros2_humble/install/rqt_console:/home/linux/ros2_humble/install/rqt:/home/linux/ros2_humble/install/rqt_graph:/home/linux/ros2_humble/install/rqt_gui_py:/home/linux/ros2_humble/install/rqt_gui:/home/linux/ros2_humble/install/ros2trace:/home/linux/ros2_humble/install/ros2topic:/home/linux/ros2_humble/install/ros2test:/home/linux/ros2_humble/install/ros2component:/home/linux/ros2_humble/install/ros2param:/home/linux/ros2_humble/install/ros2lifecycle:/home/linux/ros2_humble/install/ros2service:/home/linux/ros2_humble/install/ros2run:/home/linux/ros2_humble/install/ros2launch:/home/linux/ros2_humble/install/ros2pkg:/home/linux/ros2_humble/install/ros2node:/home/linux/ros2_humble/install/ros2multicast:/home/linux/ros2_humble/install/ros2interface:/home/linux/ros2_humble/install/ros2doctor:/home/linux/ros2_humble/install/ros2action:/home/linux/ros2_humble/install/ros2cli:/home/linux/ros2_humble/install/quality_of_service_demo_py:/home/linux/ros2_humble/install/lifecycle_py:/home/linux/ros2_humble/install/launch_testing_ros:/home/linux/ros2_humble/install/launch_ros:/home/linux/ros2_humble/install/examples_rclpy_pointcloud_publisher:/home/linux/ros2_humble/install/examples_rclpy_minimal_subscriber:/home/linux/ros2_humble/install/examples_rclpy_minimal_service:/home/linux/ros2_humble/install/examples_rclpy_minimal_publisher:/home/linux/ros2_humble/install/examples_rclpy_minimal_client:/home/linux/ros2_humble/install/examples_rclpy_minimal_action_server:/home/linux/ros2_humble/install/examples_rclpy_minimal_action_client:/home/linux/ros2_humble/install/examples_rclpy_guard_conditions:/home/linux/ros2_humble/install/examples_rclpy_executors:/home/linux/ros2_humble/install/demo_nodes_py:/home/linux/ros2_humble/install/action_tutorials_py:/home/linux/ros2_humble/install/ament_uncrustify:/home/linux/ros2_humble/install/tracetools_trace:/home/linux/ros2_humble/install/tracetools_read:/home/linux/ros2_humble/install/test_tracetools_launch:/home/linux/ros2_humble/install/test_launch_ros:/home/linux/ros2_humble/install/sensor_msgs_py:/home/linux/ros2_humble/install/rpyutils:/home/linux/ros2_humble/install/rosidl_runtime_py:/home/linux/ros2_humble/install/rosidl_cli:/home/linux/ros2_humble/install/launch_pytest:/home/linux/ros2_humble/install/launch_testing:/home/linux/ros2_humble/install/launch_yaml:/home/linux/ros2_humble/install/launch_xml:/home/linux/ros2_humble/install/launch:/home/linux/ros2_humble/install/osrf_pycommon:/home/linux/ros2_humble/install/launch_testing_examples:/home/linux/ros2_humble/install/domain_coordinator:/home/linux/ros2_humble/install/ament_xmllint:/home/linux/ros2_humble/install/ament_pyflakes:/home/linux/ros2_humble/install/ament_pycodestyle:/home/linux/ros2_humble/install/ament_pep257:/home/linux/ros2_humble/install/ament_pclint:/home/linux/ros2_humble/install/ament_package:/home/linux/ros2_humble/install/ament_mypy:/home/linux/ros2_humble/install/ament_lint_cmake:/home/linux/ros2_humble/install/ament_flake8:/home/linux/ros2_humble/install/ament_copyright:/home/linux/ros2_humble/install/ament_lint:/home/linux/ros2_humble/install/ament_index_python:/home/linux/ros2_humble/install/ament_cpplint:/home/linux/ros2_humble/install/ament_cppcheck:/home/linux/ros2_humble/install/ament_clang_tidy:/home/linux/ros2_humble/install/ament_clang_format:/opt/ros/humble /usr/bin/cmake --install /home/linux/ENPM808X/week12/ros2_ws/build/turtlebot3_gazebo
